2023-12-29 21:13:18,311 [Worker-4: Loading available Gradle versions] INFO  o.e.b.c.i.u.g.PublishedGradleVersions - Gradle version information cache is out-of-date. Trying to update.
2023-12-29 21:14:12,173 [Worker-8: Launching mavenrun-80205a2a-64e7-4cf9-ae3d-86bd69545ce6] INFO  o.eclipse.m2e.core.internal.Bundles - getClasspathEntries(Bundle=org.eclipse.m2e.maven.runtime_3.9.500.20231113-2345 [626])
2023-12-29 21:14:12,183 [Worker-8: Launching mavenrun-80205a2a-64e7-4cf9-ae3d-86bd69545ce6] INFO  o.eclipse.m2e.core.internal.Bundles - 	Entry: C:\Users\faiza\.p2\pool\plugins\org.eclipse.m2e.maven.runtime_3.9.500.20231113-2345
2023-12-29 21:14:12,185 [Worker-8: Launching mavenrun-80205a2a-64e7-4cf9-ae3d-86bd69545ce6] INFO  o.eclipse.m2e.core.internal.Bundles - 	Entry: C:\Users\faiza\.p2\pool\plugins\org.eclipse.m2e.maven.runtime_3.9.500.20231113-2345\jars\aopalliance-1.0.jar
2023-12-29 21:14:12,187 [Worker-8: Launching mavenrun-80205a2a-64e7-4cf9-ae3d-86bd69545ce6] INFO  o.eclipse.m2e.core.internal.Bundles - 	Entry: C:\Users\faiza\.p2\pool\plugins\org.eclipse.m2e.maven.runtime_3.9.500.20231113-2345\jars\guice-5.1.0.jar
2023-12-29 21:14:12,188 [Worker-8: Launching mavenrun-80205a2a-64e7-4cf9-ae3d-86bd69545ce6] INFO  o.eclipse.m2e.core.internal.Bundles - 	Entry: C:\Users\faiza\.p2\pool\plugins\org.eclipse.m2e.maven.runtime_3.9.500.20231113-2345\jars\httpclient-4.5.14.jar
2023-12-29 21:14:12,189 [Worker-8: Launching mavenrun-80205a2a-64e7-4cf9-ae3d-86bd69545ce6] INFO  o.eclipse.m2e.core.internal.Bundles - 	Entry: C:\Users\faiza\.p2\pool\plugins\org.eclipse.m2e.maven.runtime_3.9.500.20231113-2345\jars\httpcore-4.4.16.jar
2023-12-29 21:14:12,190 [Worker-8: Launching mavenrun-80205a2a-64e7-4cf9-ae3d-86bd69545ce6] INFO  o.eclipse.m2e.core.internal.Bundles - 	Entry: C:\Users\faiza\.p2\pool\plugins\org.eclipse.m2e.maven.runtime_3.9.500.20231113-2345\jars\jansi-2.4.0.jar
2023-12-29 21:14:12,191 [Worker-8: Launching mavenrun-80205a2a-64e7-4cf9-ae3d-86bd69545ce6] INFO  o.eclipse.m2e.core.internal.Bundles - 	Entry: C:\Users\faiza\.p2\pool\plugins\org.eclipse.m2e.maven.runtime_3.9.500.20231113-2345\jars\jcl-over-slf4j-1.7.36.jar
2023-12-29 21:14:12,192 [Worker-8: Launching mavenrun-80205a2a-64e7-4cf9-ae3d-86bd69545ce6] INFO  o.eclipse.m2e.core.internal.Bundles - 	Entry: C:\Users\faiza\.p2\pool\plugins\org.eclipse.m2e.maven.runtime_3.9.500.20231113-2345\jars\maven-artifact-3.9.5.jar
2023-12-29 21:14:12,193 [Worker-8: Launching mavenrun-80205a2a-64e7-4cf9-ae3d-86bd69545ce6] INFO  o.eclipse.m2e.core.internal.Bundles - 	Entry: C:\Users\faiza\.p2\pool\plugins\org.eclipse.m2e.maven.runtime_3.9.500.20231113-2345\jars\maven-builder-support-3.9.5.jar
2023-12-29 21:14:12,195 [Worker-8: Launching mavenrun-80205a2a-64e7-4cf9-ae3d-86bd69545ce6] INFO  o.eclipse.m2e.core.internal.Bundles - 	Entry: C:\Users\faiza\.p2\pool\plugins\org.eclipse.m2e.maven.runtime_3.9.500.20231113-2345\jars\maven-compat-3.9.5.jar
2023-12-29 21:14:12,196 [Worker-8: Launching mavenrun-80205a2a-64e7-4cf9-ae3d-86bd69545ce6] INFO  o.eclipse.m2e.core.internal.Bundles - 	Entry: C:\Users\faiza\.p2\pool\plugins\org.eclipse.m2e.maven.runtime_3.9.500.20231113-2345\jars\maven-core-3.9.5.jar
2023-12-29 21:14:12,199 [Worker-8: Launching mavenrun-80205a2a-64e7-4cf9-ae3d-86bd69545ce6] INFO  o.eclipse.m2e.core.internal.Bundles - 	Entry: C:\Users\faiza\.p2\pool\plugins\org.eclipse.m2e.maven.runtime_3.9.500.20231113-2345\jars\maven-embedder-3.9.5.jar
2023-12-29 21:14:12,200 [Worker-8: Launching mavenrun-80205a2a-64e7-4cf9-ae3d-86bd69545ce6] INFO  o.eclipse.m2e.core.internal.Bundles - 	Entry: C:\Users\faiza\.p2\pool\plugins\org.eclipse.m2e.maven.runtime_3.9.500.20231113-2345\jars\maven-model-3.9.5.jar
2023-12-29 21:14:12,202 [Worker-8: Launching mavenrun-80205a2a-64e7-4cf9-ae3d-86bd69545ce6] INFO  o.eclipse.m2e.core.internal.Bundles - 	Entry: C:\Users\faiza\.p2\pool\plugins\org.eclipse.m2e.maven.runtime_3.9.500.20231113-2345\jars\maven-model-builder-3.9.5.jar
2023-12-29 21:14:12,203 [Worker-8: Launching mavenrun-80205a2a-64e7-4cf9-ae3d-86bd69545ce6] INFO  o.eclipse.m2e.core.internal.Bundles - 	Entry: C:\Users\faiza\.p2\pool\plugins\org.eclipse.m2e.maven.runtime_3.9.500.20231113-2345\jars\maven-plugin-api-3.9.5.jar
2023-12-29 21:14:12,204 [Worker-8: Launching mavenrun-80205a2a-64e7-4cf9-ae3d-86bd69545ce6] INFO  o.eclipse.m2e.core.internal.Bundles - 	Entry: C:\Users\faiza\.p2\pool\plugins\org.eclipse.m2e.maven.runtime_3.9.500.20231113-2345\jars\maven-repository-metadata-3.9.5.jar
2023-12-29 21:14:12,205 [Worker-8: Launching mavenrun-80205a2a-64e7-4cf9-ae3d-86bd69545ce6] INFO  o.eclipse.m2e.core.internal.Bundles - 	Entry: C:\Users\faiza\.p2\pool\plugins\org.eclipse.m2e.maven.runtime_3.9.500.20231113-2345\jars\maven-resolver-api-1.9.16.jar
2023-12-29 21:14:12,206 [Worker-8: Launching mavenrun-80205a2a-64e7-4cf9-ae3d-86bd69545ce6] INFO  o.eclipse.m2e.core.internal.Bundles - 	Entry: C:\Users\faiza\.p2\pool\plugins\org.eclipse.m2e.maven.runtime_3.9.500.20231113-2345\jars\maven-resolver-connector-basic-1.9.16.jar
2023-12-29 21:14:12,207 [Worker-8: Launching mavenrun-80205a2a-64e7-4cf9-ae3d-86bd69545ce6] INFO  o.eclipse.m2e.core.internal.Bundles - 	Entry: C:\Users\faiza\.p2\pool\plugins\org.eclipse.m2e.maven.runtime_3.9.500.20231113-2345\jars\maven-resolver-impl-1.9.16.jar
2023-12-29 21:14:12,208 [Worker-8: Launching mavenrun-80205a2a-64e7-4cf9-ae3d-86bd69545ce6] INFO  o.eclipse.m2e.core.internal.Bundles - 	Entry: C:\Users\faiza\.p2\pool\plugins\org.eclipse.m2e.maven.runtime_3.9.500.20231113-2345\jars\maven-resolver-named-locks-1.9.16.jar
2023-12-29 21:14:12,209 [Worker-8: Launching mavenrun-80205a2a-64e7-4cf9-ae3d-86bd69545ce6] INFO  o.eclipse.m2e.core.internal.Bundles - 	Entry: C:\Users\faiza\.p2\pool\plugins\org.eclipse.m2e.maven.runtime_3.9.500.20231113-2345\jars\maven-resolver-provider-3.9.5.jar
2023-12-29 21:14:12,210 [Worker-8: Launching mavenrun-80205a2a-64e7-4cf9-ae3d-86bd69545ce6] INFO  o.eclipse.m2e.core.internal.Bundles - 	Entry: C:\Users\faiza\.p2\pool\plugins\org.eclipse.m2e.maven.runtime_3.9.500.20231113-2345\jars\maven-resolver-spi-1.9.16.jar
2023-12-29 21:14:12,211 [Worker-8: Launching mavenrun-80205a2a-64e7-4cf9-ae3d-86bd69545ce6] INFO  o.eclipse.m2e.core.internal.Bundles - 	Entry: C:\Users\faiza\.p2\pool\plugins\org.eclipse.m2e.maven.runtime_3.9.500.20231113-2345\jars\maven-resolver-transport-file-1.9.16.jar
2023-12-29 21:14:12,212 [Worker-8: Launching mavenrun-80205a2a-64e7-4cf9-ae3d-86bd69545ce6] INFO  o.eclipse.m2e.core.internal.Bundles - 	Entry: C:\Users\faiza\.p2\pool\plugins\org.eclipse.m2e.maven.runtime_3.9.500.20231113-2345\jars\maven-resolver-transport-http-1.9.16.jar
2023-12-29 21:14:12,213 [Worker-8: Launching mavenrun-80205a2a-64e7-4cf9-ae3d-86bd69545ce6] INFO  o.eclipse.m2e.core.internal.Bundles - 	Entry: C:\Users\faiza\.p2\pool\plugins\org.eclipse.m2e.maven.runtime_3.9.500.20231113-2345\jars\maven-resolver-transport-wagon-1.9.16.jar
2023-12-29 21:14:12,217 [Worker-8: Launching mavenrun-80205a2a-64e7-4cf9-ae3d-86bd69545ce6] INFO  o.eclipse.m2e.core.internal.Bundles - 	Entry: C:\Users\faiza\.p2\pool\plugins\org.eclipse.m2e.maven.runtime_3.9.500.20231113-2345\jars\maven-resolver-util-1.9.16.jar
2023-12-29 21:14:12,218 [Worker-8: Launching mavenrun-80205a2a-64e7-4cf9-ae3d-86bd69545ce6] INFO  o.eclipse.m2e.core.internal.Bundles - 	Entry: C:\Users\faiza\.p2\pool\plugins\org.eclipse.m2e.maven.runtime_3.9.500.20231113-2345\jars\maven-settings-3.9.5.jar
2023-12-29 21:14:12,219 [Worker-8: Launching mavenrun-80205a2a-64e7-4cf9-ae3d-86bd69545ce6] INFO  o.eclipse.m2e.core.internal.Bundles - 	Entry: C:\Users\faiza\.p2\pool\plugins\org.eclipse.m2e.maven.runtime_3.9.500.20231113-2345\jars\maven-settings-builder-3.9.5.jar
2023-12-29 21:14:12,220 [Worker-8: Launching mavenrun-80205a2a-64e7-4cf9-ae3d-86bd69545ce6] INFO  o.eclipse.m2e.core.internal.Bundles - 	Entry: C:\Users\faiza\.p2\pool\plugins\org.eclipse.m2e.maven.runtime_3.9.500.20231113-2345\jars\maven-shared-utils-3.3.4.jar
2023-12-29 21:14:12,221 [Worker-8: Launching mavenrun-80205a2a-64e7-4cf9-ae3d-86bd69545ce6] INFO  o.eclipse.m2e.core.internal.Bundles - 	Entry: C:\Users\faiza\.p2\pool\plugins\org.eclipse.m2e.maven.runtime_3.9.500.20231113-2345\jars\org.eclipse.sisu.inject-0.3.5.jar
2023-12-29 21:14:12,222 [Worker-8: Launching mavenrun-80205a2a-64e7-4cf9-ae3d-86bd69545ce6] INFO  o.eclipse.m2e.core.internal.Bundles - 	Entry: C:\Users\faiza\.p2\pool\plugins\org.eclipse.m2e.maven.runtime_3.9.500.20231113-2345\jars\org.eclipse.sisu.plexus-0.3.5.jar
2023-12-29 21:14:12,223 [Worker-8: Launching mavenrun-80205a2a-64e7-4cf9-ae3d-86bd69545ce6] INFO  o.eclipse.m2e.core.internal.Bundles - 	Entry: C:\Users\faiza\.p2\pool\plugins\org.eclipse.m2e.maven.runtime_3.9.500.20231113-2345\jars\plexus-build-api-0.0.7.jar
2023-12-29 21:14:12,224 [Worker-8: Launching mavenrun-80205a2a-64e7-4cf9-ae3d-86bd69545ce6] INFO  o.eclipse.m2e.core.internal.Bundles - 	Entry: C:\Users\faiza\.p2\pool\plugins\org.eclipse.m2e.maven.runtime_3.9.500.20231113-2345\jars\plexus-cipher-2.0.jar
2023-12-29 21:14:12,226 [Worker-8: Launching mavenrun-80205a2a-64e7-4cf9-ae3d-86bd69545ce6] INFO  o.eclipse.m2e.core.internal.Bundles - 	Entry: C:\Users\faiza\.p2\pool\plugins\org.eclipse.m2e.maven.runtime_3.9.500.20231113-2345\jars\plexus-classworlds-2.7.0.jar
2023-12-29 21:14:12,227 [Worker-8: Launching mavenrun-80205a2a-64e7-4cf9-ae3d-86bd69545ce6] INFO  o.eclipse.m2e.core.internal.Bundles - 	Entry: C:\Users\faiza\.p2\pool\plugins\org.eclipse.m2e.maven.runtime_3.9.500.20231113-2345\jars\plexus-component-annotations-2.1.0.jar
2023-12-29 21:14:12,228 [Worker-8: Launching mavenrun-80205a2a-64e7-4cf9-ae3d-86bd69545ce6] INFO  o.eclipse.m2e.core.internal.Bundles - 	Entry: C:\Users\faiza\.p2\pool\plugins\org.eclipse.m2e.maven.runtime_3.9.500.20231113-2345\jars\plexus-interpolation-1.26.jar
2023-12-29 21:14:12,229 [Worker-8: Launching mavenrun-80205a2a-64e7-4cf9-ae3d-86bd69545ce6] INFO  o.eclipse.m2e.core.internal.Bundles - 	Entry: C:\Users\faiza\.p2\pool\plugins\org.eclipse.m2e.maven.runtime_3.9.500.20231113-2345\jars\plexus-sec-dispatcher-2.0.jar
2023-12-29 21:14:12,231 [Worker-8: Launching mavenrun-80205a2a-64e7-4cf9-ae3d-86bd69545ce6] INFO  o.eclipse.m2e.core.internal.Bundles - 	Entry: C:\Users\faiza\.p2\pool\plugins\org.eclipse.m2e.maven.runtime_3.9.500.20231113-2345\jars\plexus-utils-3.5.1.jar
2023-12-29 21:14:12,233 [Worker-8: Launching mavenrun-80205a2a-64e7-4cf9-ae3d-86bd69545ce6] INFO  o.eclipse.m2e.core.internal.Bundles - 	Entry: C:\Users\faiza\.p2\pool\plugins\org.eclipse.m2e.maven.runtime_3.9.500.20231113-2345\jars\wagon-file-3.5.3.jar
2023-12-29 21:14:12,238 [Worker-8: Launching mavenrun-80205a2a-64e7-4cf9-ae3d-86bd69545ce6] INFO  o.eclipse.m2e.core.internal.Bundles - 	Entry: C:\Users\faiza\.p2\pool\plugins\org.eclipse.m2e.maven.runtime_3.9.500.20231113-2345\jars\wagon-http-3.5.3.jar
2023-12-29 21:14:12,239 [Worker-8: Launching mavenrun-80205a2a-64e7-4cf9-ae3d-86bd69545ce6] INFO  o.eclipse.m2e.core.internal.Bundles - 	Entry: C:\Users\faiza\.p2\pool\plugins\org.eclipse.m2e.maven.runtime_3.9.500.20231113-2345\jars\wagon-http-shared-3.5.3.jar
2023-12-29 21:14:12,240 [Worker-8: Launching mavenrun-80205a2a-64e7-4cf9-ae3d-86bd69545ce6] INFO  o.eclipse.m2e.core.internal.Bundles - 	Entry: C:\Users\faiza\.p2\pool\plugins\org.eclipse.m2e.maven.runtime_3.9.500.20231113-2345\jars\wagon-provider-api-3.5.3.jar
2023-12-29 21:14:12,246 [Worker-8: Launching mavenrun-80205a2a-64e7-4cf9-ae3d-86bd69545ce6] INFO  o.eclipse.m2e.core.internal.Bundles - getClasspathEntries(Bundle=com.google.guava_32.1.3.jre [12])
2023-12-29 21:14:12,249 [Worker-8: Launching mavenrun-80205a2a-64e7-4cf9-ae3d-86bd69545ce6] INFO  o.eclipse.m2e.core.internal.Bundles - 	Entry: C:\Users\faiza\.p2\pool\plugins\com.google.guava_32.1.3.jre.jar
2023-12-29 21:14:12,249 [Worker-8: Launching mavenrun-80205a2a-64e7-4cf9-ae3d-86bd69545ce6] INFO  o.eclipse.m2e.core.internal.Bundles - getClasspathEntries(Bundle=slf4j.api_2.0.9 [986])
2023-12-29 21:14:12,251 [Worker-8: Launching mavenrun-80205a2a-64e7-4cf9-ae3d-86bd69545ce6] INFO  o.eclipse.m2e.core.internal.Bundles - 	Entry: C:\Users\faiza\.p2\pool\plugins\slf4j.api_2.0.9.jar
2023-12-29 21:14:12,251 [Worker-8: Launching mavenrun-80205a2a-64e7-4cf9-ae3d-86bd69545ce6] INFO  o.eclipse.m2e.core.internal.Bundles - getClasspathEntries(Bundle=jakarta.inject.jakarta.inject-api_1.0.5 [29])
2023-12-29 21:14:12,252 [Worker-8: Launching mavenrun-80205a2a-64e7-4cf9-ae3d-86bd69545ce6] INFO  o.eclipse.m2e.core.internal.Bundles - 	Entry: C:\Users\faiza\.p2\pool\plugins\jakarta.inject.jakarta.inject-api_1.0.5.jar
2023-12-29 21:14:12,253 [Worker-8: Launching mavenrun-80205a2a-64e7-4cf9-ae3d-86bd69545ce6] INFO  o.eclipse.m2e.core.internal.Bundles - getClasspathEntries(Bundle=javax.annotation_1.3.5.v20200909-1856 [997])
2023-12-29 21:14:12,254 [Worker-8: Launching mavenrun-80205a2a-64e7-4cf9-ae3d-86bd69545ce6] INFO  o.eclipse.m2e.core.internal.Bundles - 	Entry: C:\Users\faiza\.p2\pool\plugins\javax.annotation_1.3.5.v20200909-1856.jar
2023-12-29 21:14:12,255 [Worker-8: Launching mavenrun-80205a2a-64e7-4cf9-ae3d-86bd69545ce6] INFO  o.eclipse.m2e.core.internal.Bundles - getClasspathEntries(Bundle=org.apache.commons.cli_1.6.0 [71])
2023-12-29 21:14:12,256 [Worker-8: Launching mavenrun-80205a2a-64e7-4cf9-ae3d-86bd69545ce6] INFO  o.eclipse.m2e.core.internal.Bundles - 	Entry: C:\Users\faiza\.p2\pool\plugins\org.apache.commons.cli_1.6.0.jar
2023-12-29 21:14:12,257 [Worker-8: Launching mavenrun-80205a2a-64e7-4cf9-ae3d-86bd69545ce6] INFO  o.eclipse.m2e.core.internal.Bundles - getClasspathEntries(Bundle=org.apache.commons.commons-codec_1.16.0 [75])
2023-12-29 21:14:12,258 [Worker-8: Launching mavenrun-80205a2a-64e7-4cf9-ae3d-86bd69545ce6] INFO  o.eclipse.m2e.core.internal.Bundles - 	Entry: C:\Users\faiza\.p2\pool\plugins\org.apache.commons.commons-codec_1.16.0.jar
2023-12-29 21:14:12,259 [Worker-8: Launching mavenrun-80205a2a-64e7-4cf9-ae3d-86bd69545ce6] INFO  o.eclipse.m2e.core.internal.Bundles - getClasspathEntries(Bundle=org.apache.commons.lang3_3.13.0 [82])
2023-12-29 21:14:12,260 [Worker-8: Launching mavenrun-80205a2a-64e7-4cf9-ae3d-86bd69545ce6] INFO  o.eclipse.m2e.core.internal.Bundles - 	Entry: C:\Users\faiza\.p2\pool\plugins\org.apache.commons.lang3_3.13.0.jar
2023-12-29 21:14:12,260 [Worker-8: Launching mavenrun-80205a2a-64e7-4cf9-ae3d-86bd69545ce6] INFO  o.eclipse.m2e.core.internal.Bundles - getClasspathEntries(Bundle=com.google.guava.failureaccess_1.0.2 [13])
2023-12-29 21:14:12,262 [Worker-8: Launching mavenrun-80205a2a-64e7-4cf9-ae3d-86bd69545ce6] INFO  o.eclipse.m2e.core.internal.Bundles - 	Entry: C:\Users\faiza\.p2\pool\plugins\com.google.guava.failureaccess_1.0.2.jar
2023-12-29 21:14:12,323 [Worker-8: Launching mavenrun-80205a2a-64e7-4cf9-ae3d-86bd69545ce6] INFO  o.e.m.i.launch.MavenLaunchDelegate - Run build in "C:\Users\faiza\AppData\Local\Temp\m2e-archetypeGenerator15007092432465261921":
2023-12-29 21:14:12,337 [Worker-8: Launching mavenrun-80205a2a-64e7-4cf9-ae3d-86bd69545ce6] INFO  o.e.m.i.launch.MavenLaunchDelegate -  mvn  -DarchetypeGroupId=org.apache.maven.archetypes -DarchetypeArtifactId=maven-archetype-quickstart -DarchetypeVersion=1.1 -DgroupId=Hibernate1st -DartifactId=LearnHibernate -Dversion=0.0.1-SNAPSHOT -Dpackage=Hibernate1st.LearnHibernate -DoutputDirectory=C:\Users\faiza\Desktop\Hibernate -Dstyle.color=always -U archetype:generate
2023-12-29 21:14:55,494 [Worker-7: Creating maven-archetype-quickstart] INFO  o.e.m.c.i.p.ProjectConfigurationManager - Collecting project info '/pom.xml' C:\Users\faiza\Desktop\Hibernate\LearnHibernate\pom.xml
2023-12-29 21:14:58,449 [Worker-7: Creating maven-archetype-quickstart] INFO  o.e.m.c.i.l.LifecycleMappingFactory - Using org.eclipse.m2e.jdt.JarLifecycleMapping lifecycle mapping for MavenProject: Hibernate1st:LearnHibernate:0.0.1-SNAPSHOT @ C:\Users\faiza\Desktop\Hibernate\LearnHibernate\pom.xml.
2023-12-29 21:15:01,393 [Worker-7: Creating maven-archetype-quickstart] INFO  o.e.m.j.i.AbstractJavaProjectConfigurator - Adding source folder /LearnHibernate/src/main/java
2023-12-29 21:15:01,395 [Worker-7: Creating maven-archetype-quickstart] INFO  o.e.m.j.i.AbstractJavaProjectConfigurator - Adding resource folder /LearnHibernate/src/main/resources
2023-12-29 21:15:01,414 [Worker-7: Creating maven-archetype-quickstart] INFO  o.e.m.j.i.AbstractJavaProjectConfigurator - Adding source folder /LearnHibernate/src/test/java
2023-12-29 21:15:01,416 [Worker-7: Creating maven-archetype-quickstart] INFO  o.e.m.j.i.AbstractJavaProjectConfigurator - Adding resource folder /LearnHibernate/src/test/resources
2023-12-29 21:15:02,231 [Worker-7: Creating maven-archetype-quickstart] INFO  o.e.m.c.i.p.ProjectConfigurationManager - Imported and configured 1 project(s) in 6 sec
2023-12-29 21:15:06,713 [Worker-9: Building] INFO  o.a.m.s.f.DefaultMavenResourcesFiltering - skip non existing resourceDirectory C:\Users\faiza\Desktop\Hibernate\LearnHibernate\src\main\resources
2023-12-29 21:15:06,733 [Worker-9: Building] INFO  o.a.m.s.f.DefaultMavenResourcesFiltering - skip non existing resourceDirectory C:\Users\faiza\Desktop\Hibernate\LearnHibernate\src\test\resources
2023-12-29 21:15:32,371 [Worker-6: Download sources and javadoc] INFO  o.e.m.j.internal.DownloadSourcesJob - Downloaded sources for junit:junit:3.8.1
2023-12-29 21:15:32,852 [Worker-6: Download sources and javadoc] INFO  o.e.m.c.i.e.AbstractTransferListenerAdapter - Downloaded https://repo.maven.apache.org/maven2/junit/junit/3.8.1/junit-3.8.1-javadoc.jar
2023-12-29 21:15:32,865 [Worker-6: Download sources and javadoc] ERROR o.e.m.j.internal.DownloadSourcesJob - Could not download javadoc for junit:junit:3.8.1
org.eclipse.core.runtime.CoreException: Could not resolve artifact junit:junit:jar:javadoc:3.8.1
	at org.eclipse.m2e.core.internal.embedder.MavenImpl.lambda$6(MavenImpl.java:584)
	at org.eclipse.m2e.core.internal.embedder.MavenExecutionContext.executeBare(MavenExecutionContext.java:394)
	at org.eclipse.m2e.core.internal.embedder.MavenExecutionContext.execute(MavenExecutionContext.java:228)
	at org.eclipse.m2e.core.internal.embedder.MavenExecutionContext.execute(MavenExecutionContext.java:214)
	at org.eclipse.m2e.core.internal.embedder.MavenImpl.resolve(MavenImpl.java:553)
	at org.eclipse.m2e.core.internal.embedder.MavenImpl.resolve(MavenImpl.java:538)
	at org.eclipse.m2e.jdt.internal.DownloadSourcesJob.download(DownloadSourcesJob.java:308)
	at org.eclipse.m2e.jdt.internal.DownloadSourcesJob.downloadAttachments(DownloadSourcesJob.java:294)
	at org.eclipse.m2e.jdt.internal.DownloadSourcesJob.downloadMaven(DownloadSourcesJob.java:252)
	at org.eclipse.m2e.jdt.internal.DownloadSourcesJob.downloadFilesAndPopulateToUpdate(DownloadSourcesJob.java:220)
	at org.eclipse.m2e.jdt.internal.DownloadSourcesJob.lambda$0(DownloadSourcesJob.java:149)
	at org.eclipse.m2e.core.internal.embedder.MavenExecutionContext.executeBare(MavenExecutionContext.java:394)
	at org.eclipse.m2e.core.internal.embedder.MavenExecutionContext.execute(MavenExecutionContext.java:275)
	at org.eclipse.m2e.core.internal.embedder.MavenExecutionContext.execute(MavenExecutionContext.java:214)
	at org.eclipse.m2e.core.embedder.IMaven.execute(IMaven.java:294)
	at org.eclipse.m2e.jdt.internal.DownloadSourcesJob.run(DownloadSourcesJob.java:149)
	at org.eclipse.core.internal.jobs.Worker.run(Worker.java:63)
2023-12-29 21:17:51,851 [Worker-13: Building] INFO  o.e.m.c.i.l.LifecycleMappingFactory - Using org.eclipse.m2e.jdt.JarLifecycleMapping lifecycle mapping for MavenProject: Hibernate1st:LearnHibernate:0.0.1-SNAPSHOT @ C:\Users\faiza\Desktop\Hibernate\LearnHibernate\pom.xml.
2023-12-29 21:17:52,430 [Worker-13: Building] INFO  o.e.m.c.i.e.AbstractTransferListenerAdapter - Downloading https://repo.maven.apache.org/maven2/org/hibernate/hibernate-core/5.5.7.Final/hibernate-core-5.5.7.Final.pom
2023-12-29 21:17:52,467 [Worker-13: Building] INFO  o.e.m.c.i.e.AbstractTransferListenerAdapter - Downloaded https://repo.maven.apache.org/maven2/org/hibernate/hibernate-core/5.5.7.Final/hibernate-core-5.5.7.Final.pom
2023-12-29 21:17:52,784 [Worker-13: Building] INFO  o.e.m.c.i.e.AbstractTransferListenerAdapter - Downloading https://repo.maven.apache.org/maven2/net/bytebuddy/byte-buddy/1.11.12/byte-buddy-1.11.12.pom
2023-12-29 21:17:52,838 [Worker-13: Building] INFO  o.e.m.c.i.e.AbstractTransferListenerAdapter - Downloaded https://repo.maven.apache.org/maven2/net/bytebuddy/byte-buddy/1.11.12/byte-buddy-1.11.12.pom
2023-12-29 21:17:53,099 [Worker-13: Building] INFO  o.e.m.c.i.e.AbstractTransferListenerAdapter - Downloading https://repo.maven.apache.org/maven2/net/bytebuddy/byte-buddy-parent/1.11.12/byte-buddy-parent-1.11.12.pom
2023-12-29 21:17:53,411 [Worker-13: Building] INFO  o.e.m.c.i.e.AbstractTransferListenerAdapter - Downloaded https://repo.maven.apache.org/maven2/net/bytebuddy/byte-buddy-parent/1.11.12/byte-buddy-parent-1.11.12.pom
2023-12-29 21:17:53,857 [Worker-13: Building] INFO  o.e.m.c.i.e.AbstractTransferListenerAdapter - Downloading https://repo.maven.apache.org/maven2/mysql/mysql-connector-java/8.0.27/mysql-connector-java-8.0.27.pom
2023-12-29 21:17:53,874 [Worker-13: Building] INFO  o.e.m.c.i.e.AbstractTransferListenerAdapter - Downloaded https://repo.maven.apache.org/maven2/mysql/mysql-connector-java/8.0.27/mysql-connector-java-8.0.27.pom
2023-12-29 21:17:54,303 [Worker-13: Building] INFO  o.e.m.c.i.e.AbstractTransferListenerAdapter - Downloading https://repo.maven.apache.org/maven2/org/hibernate/hibernate-core/5.5.7.Final/hibernate-core-5.5.7.Final.jar
2023-12-29 21:18:07,142 [Worker-13: Building] INFO  o.e.m.c.i.e.AbstractTransferListenerAdapter - Downloaded https://repo.maven.apache.org/maven2/org/hibernate/hibernate-core/5.5.7.Final/hibernate-core-5.5.7.Final.jar
2023-12-29 21:18:07,257 [BasicRepositoryConnector-repo.maven.apache.org-0-1] INFO  o.e.m.c.i.e.AbstractTransferListenerAdapter - Downloading https://repo.maven.apache.org/maven2/mysql/mysql-connector-java/8.0.27/mysql-connector-java-8.0.27.jar
2023-12-29 21:18:07,340 [BasicRepositoryConnector-repo.maven.apache.org-0-0] INFO  o.e.m.c.i.e.AbstractTransferListenerAdapter - Downloading https://repo.maven.apache.org/maven2/net/bytebuddy/byte-buddy/1.11.12/byte-buddy-1.11.12.jar
2023-12-29 21:18:11,617 [BasicRepositoryConnector-repo.maven.apache.org-0-1] INFO  o.e.m.c.i.e.AbstractTransferListenerAdapter - Downloaded https://repo.maven.apache.org/maven2/mysql/mysql-connector-java/8.0.27/mysql-connector-java-8.0.27.jar
2023-12-29 21:18:13,096 [BasicRepositoryConnector-repo.maven.apache.org-0-0] INFO  o.e.m.c.i.e.AbstractTransferListenerAdapter - Downloaded https://repo.maven.apache.org/maven2/net/bytebuddy/byte-buddy/1.11.12/byte-buddy-1.11.12.jar
2023-12-29 21:18:14,047 [Worker-13: Building] INFO  o.a.m.s.f.DefaultMavenResourcesFiltering - skip non existing resourceDirectory C:\Users\faiza\Desktop\Hibernate\LearnHibernate\src\main\resources
2023-12-29 21:18:14,060 [Worker-13: Building] INFO  o.a.m.s.f.DefaultMavenResourcesFiltering - skip non existing resourceDirectory C:\Users\faiza\Desktop\Hibernate\LearnHibernate\src\test\resources
2023-12-29 21:18:14,502 [Worker-4: Download sources and javadoc] INFO  o.e.m.c.i.e.AbstractTransferListenerAdapter - Downloading https://repo.maven.apache.org/maven2/org/hibernate/hibernate-core/5.5.7.Final/hibernate-core-5.5.7.Final-sources.jar
2023-12-29 21:18:19,416 [Worker-4: Download sources and javadoc] INFO  o.e.m.c.i.e.AbstractTransferListenerAdapter - Downloaded https://repo.maven.apache.org/maven2/org/hibernate/hibernate-core/5.5.7.Final/hibernate-core-5.5.7.Final-sources.jar
2023-12-29 21:18:19,433 [Worker-4: Download sources and javadoc] INFO  o.e.m.j.internal.DownloadSourcesJob - Downloaded sources for org.hibernate:hibernate-core:5.5.7.Final
2023-12-29 21:18:21,656 [Worker-4: Download sources and javadoc] INFO  o.e.m.c.i.e.AbstractTransferListenerAdapter - Downloading https://repo.maven.apache.org/maven2/org/hibernate/hibernate-core/5.5.7.Final/hibernate-core-5.5.7.Final-javadoc.jar
2023-12-29 21:18:34,058 [Worker-4: Download sources and javadoc] INFO  o.e.m.c.i.e.AbstractTransferListenerAdapter - Downloaded https://repo.maven.apache.org/maven2/org/hibernate/hibernate-core/5.5.7.Final/hibernate-core-5.5.7.Final-javadoc.jar
2023-12-29 21:18:34,076 [Worker-4: Download sources and javadoc] INFO  o.e.m.j.internal.DownloadSourcesJob - Downloaded javadoc for org.hibernate:hibernate-core:5.5.7.Final
2023-12-29 21:18:34,230 [Worker-4: Download sources and javadoc] INFO  o.e.m.c.i.e.AbstractTransferListenerAdapter - Downloading https://repo.maven.apache.org/maven2/org/jboss/logging/jboss-logging/3.4.2.Final/jboss-logging-3.4.2.Final-javadoc.jar
2023-12-29 21:18:34,294 [Worker-4: Download sources and javadoc] INFO  o.e.m.c.i.e.AbstractTransferListenerAdapter - Downloaded https://repo.maven.apache.org/maven2/org/jboss/logging/jboss-logging/3.4.2.Final/jboss-logging-3.4.2.Final-javadoc.jar
2023-12-29 21:18:34,311 [Worker-4: Download sources and javadoc] INFO  o.e.m.j.internal.DownloadSourcesJob - Downloaded javadoc for org.jboss.logging:jboss-logging:3.4.2.Final
2023-12-29 21:18:34,431 [Worker-4: Download sources and javadoc] INFO  o.e.m.c.i.e.AbstractTransferListenerAdapter - Downloading https://repo.maven.apache.org/maven2/javax/persistence/javax.persistence-api/2.2/javax.persistence-api-2.2-javadoc.jar
2023-12-29 21:18:34,927 [Worker-4: Download sources and javadoc] INFO  o.e.m.c.i.e.AbstractTransferListenerAdapter - Downloaded https://repo.maven.apache.org/maven2/javax/persistence/javax.persistence-api/2.2/javax.persistence-api-2.2-javadoc.jar
2023-12-29 21:18:34,944 [Worker-4: Download sources and javadoc] INFO  o.e.m.j.internal.DownloadSourcesJob - Downloaded javadoc for javax.persistence:javax.persistence-api:2.2
2023-12-29 21:18:35,059 [Worker-4: Download sources and javadoc] INFO  o.e.m.c.i.e.AbstractTransferListenerAdapter - Downloading https://repo.maven.apache.org/maven2/org/javassist/javassist/3.27.0-GA/javassist-3.27.0-GA-javadoc.jar
2023-12-29 21:18:36,108 [Worker-4: Download sources and javadoc] INFO  o.e.m.c.i.e.AbstractTransferListenerAdapter - Downloaded https://repo.maven.apache.org/maven2/org/javassist/javassist/3.27.0-GA/javassist-3.27.0-GA-javadoc.jar
2023-12-29 21:18:36,122 [Worker-4: Download sources and javadoc] INFO  o.e.m.j.internal.DownloadSourcesJob - Downloaded javadoc for org.javassist:javassist:3.27.0-GA
2023-12-29 21:18:36,234 [Worker-4: Download sources and javadoc] INFO  o.e.m.c.i.e.AbstractTransferListenerAdapter - Downloading https://repo.maven.apache.org/maven2/net/bytebuddy/byte-buddy/1.11.12/byte-buddy-1.11.12-sources.jar
2023-12-29 21:18:36,897 [Worker-4: Download sources and javadoc] INFO  o.e.m.c.i.e.AbstractTransferListenerAdapter - Downloaded https://repo.maven.apache.org/maven2/net/bytebuddy/byte-buddy/1.11.12/byte-buddy-1.11.12-sources.jar
2023-12-29 21:18:36,911 [Worker-4: Download sources and javadoc] INFO  o.e.m.j.internal.DownloadSourcesJob - Downloaded sources for net.bytebuddy:byte-buddy:1.11.12
2023-12-29 21:18:36,943 [Worker-4: Download sources and javadoc] INFO  o.e.m.c.i.e.AbstractTransferListenerAdapter - Downloading https://repo.maven.apache.org/maven2/net/bytebuddy/byte-buddy/1.11.12/byte-buddy-1.11.12-javadoc.jar
2023-12-29 21:18:47,752 [Worker-4: Download sources and javadoc] INFO  o.e.m.c.i.e.AbstractTransferListenerAdapter - Downloaded https://repo.maven.apache.org/maven2/net/bytebuddy/byte-buddy/1.11.12/byte-buddy-1.11.12-javadoc.jar
2023-12-29 21:18:47,765 [Worker-4: Download sources and javadoc] INFO  o.e.m.j.internal.DownloadSourcesJob - Downloaded javadoc for net.bytebuddy:byte-buddy:1.11.12
2023-12-29 21:18:47,888 [Worker-4: Download sources and javadoc] INFO  o.e.m.c.i.e.AbstractTransferListenerAdapter - Downloading https://repo.maven.apache.org/maven2/org/jboss/spec/javax/transaction/jboss-transaction-api_1.2_spec/1.1.1.Final/jboss-transaction-api_1.2_spec-1.1.1.Final-javadoc.jar
2023-12-29 21:18:47,973 [Worker-4: Download sources and javadoc] INFO  o.e.m.c.i.e.AbstractTransferListenerAdapter - Downloaded https://repo.maven.apache.org/maven2/org/jboss/spec/javax/transaction/jboss-transaction-api_1.2_spec/1.1.1.Final/jboss-transaction-api_1.2_spec-1.1.1.Final-javadoc.jar
2023-12-29 21:18:47,994 [Worker-4: Download sources and javadoc] INFO  o.e.m.j.internal.DownloadSourcesJob - Downloaded javadoc for org.jboss.spec.javax.transaction:jboss-transaction-api_1.2_spec:1.1.1.Final
2023-12-29 21:18:48,386 [Worker-4: Download sources and javadoc] INFO  o.e.m.c.i.e.AbstractTransferListenerAdapter - Downloaded https://repo.maven.apache.org/maven2/org/jboss/jandex/2.2.3.Final/jandex-2.2.3.Final-javadoc.jar
2023-12-29 21:18:48,395 [Worker-4: Download sources and javadoc] ERROR o.e.m.j.internal.DownloadSourcesJob - Could not download javadoc for org.jboss:jandex:2.2.3.Final
org.eclipse.core.runtime.CoreException: Could not resolve artifact org.jboss:jandex:jar:javadoc:2.2.3.Final
	at org.eclipse.m2e.core.internal.embedder.MavenImpl.lambda$6(MavenImpl.java:584)
	at org.eclipse.m2e.core.internal.embedder.MavenExecutionContext.executeBare(MavenExecutionContext.java:394)
	at org.eclipse.m2e.core.internal.embedder.MavenExecutionContext.execute(MavenExecutionContext.java:228)
	at org.eclipse.m2e.core.internal.embedder.MavenExecutionContext.execute(MavenExecutionContext.java:214)
	at org.eclipse.m2e.core.internal.embedder.MavenImpl.resolve(MavenImpl.java:553)
	at org.eclipse.m2e.core.internal.embedder.MavenImpl.resolve(MavenImpl.java:538)
	at org.eclipse.m2e.jdt.internal.DownloadSourcesJob.download(DownloadSourcesJob.java:308)
	at org.eclipse.m2e.jdt.internal.DownloadSourcesJob.downloadAttachments(DownloadSourcesJob.java:294)
	at org.eclipse.m2e.jdt.internal.DownloadSourcesJob.downloadMaven(DownloadSourcesJob.java:252)
	at org.eclipse.m2e.jdt.internal.DownloadSourcesJob.downloadFilesAndPopulateToUpdate(DownloadSourcesJob.java:220)
	at org.eclipse.m2e.jdt.internal.DownloadSourcesJob.lambda$0(DownloadSourcesJob.java:149)
	at org.eclipse.m2e.core.internal.embedder.MavenExecutionContext.executeBare(MavenExecutionContext.java:394)
	at org.eclipse.m2e.core.internal.embedder.MavenExecutionContext.execute(MavenExecutionContext.java:275)
	at org.eclipse.m2e.core.internal.embedder.MavenExecutionContext.execute(MavenExecutionContext.java:214)
	at org.eclipse.m2e.core.embedder.IMaven.execute(IMaven.java:294)
	at org.eclipse.m2e.jdt.internal.DownloadSourcesJob.run(DownloadSourcesJob.java:149)
	at org.eclipse.core.internal.jobs.Worker.run(Worker.java:63)
2023-12-29 21:18:48,556 [Worker-4: Download sources and javadoc] INFO  o.e.m.c.i.e.AbstractTransferListenerAdapter - Downloading https://repo.maven.apache.org/maven2/com/fasterxml/classmate/1.5.1/classmate-1.5.1-javadoc.jar
2023-12-29 21:18:48,828 [Worker-4: Download sources and javadoc] INFO  o.e.m.c.i.e.AbstractTransferListenerAdapter - Downloaded https://repo.maven.apache.org/maven2/com/fasterxml/classmate/1.5.1/classmate-1.5.1-javadoc.jar
2023-12-29 21:18:48,847 [Worker-4: Download sources and javadoc] INFO  o.e.m.j.internal.DownloadSourcesJob - Downloaded javadoc for com.fasterxml:classmate:1.5.1
2023-12-29 21:18:48,967 [Worker-4: Download sources and javadoc] INFO  o.e.m.c.i.e.AbstractTransferListenerAdapter - Downloading https://repo.maven.apache.org/maven2/javax/activation/javax.activation-api/1.2.0/javax.activation-api-1.2.0-javadoc.jar
2023-12-29 21:18:49,089 [Worker-4: Download sources and javadoc] INFO  o.e.m.c.i.e.AbstractTransferListenerAdapter - Downloaded https://repo.maven.apache.org/maven2/javax/activation/javax.activation-api/1.2.0/javax.activation-api-1.2.0-javadoc.jar
2023-12-29 21:18:49,104 [Worker-4: Download sources and javadoc] INFO  o.e.m.j.internal.DownloadSourcesJob - Downloaded javadoc for javax.activation:javax.activation-api:1.2.0
2023-12-29 21:18:49,424 [Worker-4: Download sources and javadoc] INFO  o.e.m.c.i.e.AbstractTransferListenerAdapter - Downloaded https://repo.maven.apache.org/maven2/org/hibernate/common/hibernate-commons-annotations/5.1.2.Final/hibernate-commons-annotations-5.1.2.Final-javadoc.jar
2023-12-29 21:18:49,434 [Worker-4: Download sources and javadoc] ERROR o.e.m.j.internal.DownloadSourcesJob - Could not download javadoc for org.hibernate.common:hibernate-commons-annotations:5.1.2.Final
org.eclipse.core.runtime.CoreException: Could not resolve artifact org.hibernate.common:hibernate-commons-annotations:jar:javadoc:5.1.2.Final
	at org.eclipse.m2e.core.internal.embedder.MavenImpl.lambda$6(MavenImpl.java:584)
	at org.eclipse.m2e.core.internal.embedder.MavenExecutionContext.executeBare(MavenExecutionContext.java:394)
	at org.eclipse.m2e.core.internal.embedder.MavenExecutionContext.execute(MavenExecutionContext.java:228)
	at org.eclipse.m2e.core.internal.embedder.MavenExecutionContext.execute(MavenExecutionContext.java:214)
	at org.eclipse.m2e.core.internal.embedder.MavenImpl.resolve(MavenImpl.java:553)
	at org.eclipse.m2e.core.internal.embedder.MavenImpl.resolve(MavenImpl.java:538)
	at org.eclipse.m2e.jdt.internal.DownloadSourcesJob.download(DownloadSourcesJob.java:308)
	at org.eclipse.m2e.jdt.internal.DownloadSourcesJob.downloadAttachments(DownloadSourcesJob.java:294)
	at org.eclipse.m2e.jdt.internal.DownloadSourcesJob.downloadMaven(DownloadSourcesJob.java:252)
	at org.eclipse.m2e.jdt.internal.DownloadSourcesJob.downloadFilesAndPopulateToUpdate(DownloadSourcesJob.java:220)
	at org.eclipse.m2e.jdt.internal.DownloadSourcesJob.lambda$0(DownloadSourcesJob.java:149)
	at org.eclipse.m2e.core.internal.embedder.MavenExecutionContext.executeBare(MavenExecutionContext.java:394)
	at org.eclipse.m2e.core.internal.embedder.MavenExecutionContext.execute(MavenExecutionContext.java:275)
	at org.eclipse.m2e.core.internal.embedder.MavenExecutionContext.execute(MavenExecutionContext.java:214)
	at org.eclipse.m2e.core.embedder.IMaven.execute(IMaven.java:294)
	at org.eclipse.m2e.jdt.internal.DownloadSourcesJob.run(DownloadSourcesJob.java:149)
	at org.eclipse.core.internal.jobs.Worker.run(Worker.java:63)
2023-12-29 21:18:49,557 [Worker-4: Download sources and javadoc] INFO  o.e.m.c.i.e.AbstractTransferListenerAdapter - Downloading https://repo.maven.apache.org/maven2/javax/xml/bind/jaxb-api/2.3.1/jaxb-api-2.3.1-javadoc.jar
2023-12-29 21:18:50,043 [Worker-4: Download sources and javadoc] INFO  o.e.m.c.i.e.AbstractTransferListenerAdapter - Downloaded https://repo.maven.apache.org/maven2/javax/xml/bind/jaxb-api/2.3.1/jaxb-api-2.3.1-javadoc.jar
2023-12-29 21:18:50,058 [Worker-4: Download sources and javadoc] INFO  o.e.m.j.internal.DownloadSourcesJob - Downloaded javadoc for javax.xml.bind:jaxb-api:2.3.1
2023-12-29 21:18:50,184 [Worker-4: Download sources and javadoc] INFO  o.e.m.c.i.e.AbstractTransferListenerAdapter - Downloading https://repo.maven.apache.org/maven2/org/glassfish/jaxb/jaxb-runtime/2.3.1/jaxb-runtime-2.3.1-javadoc.jar
2023-12-29 21:18:51,711 [Worker-4: Download sources and javadoc] INFO  o.e.m.c.i.e.AbstractTransferListenerAdapter - Downloaded https://repo.maven.apache.org/maven2/org/glassfish/jaxb/jaxb-runtime/2.3.1/jaxb-runtime-2.3.1-javadoc.jar
2023-12-29 21:18:51,725 [Worker-4: Download sources and javadoc] INFO  o.e.m.j.internal.DownloadSourcesJob - Downloaded javadoc for org.glassfish.jaxb:jaxb-runtime:2.3.1
2023-12-29 21:18:51,837 [Worker-4: Download sources and javadoc] INFO  o.e.m.c.i.e.AbstractTransferListenerAdapter - Downloading https://repo.maven.apache.org/maven2/org/glassfish/jaxb/txw2/2.3.1/txw2-2.3.1-javadoc.jar
2023-12-29 21:18:52,088 [Worker-4: Download sources and javadoc] INFO  o.e.m.c.i.e.AbstractTransferListenerAdapter - Downloaded https://repo.maven.apache.org/maven2/org/glassfish/jaxb/txw2/2.3.1/txw2-2.3.1-javadoc.jar
2023-12-29 21:18:52,103 [Worker-4: Download sources and javadoc] INFO  o.e.m.j.internal.DownloadSourcesJob - Downloaded javadoc for org.glassfish.jaxb:txw2:2.3.1
2023-12-29 21:18:52,227 [Worker-4: Download sources and javadoc] INFO  o.e.m.c.i.e.AbstractTransferListenerAdapter - Downloading https://repo.maven.apache.org/maven2/com/sun/istack/istack-commons-runtime/3.0.7/istack-commons-runtime-3.0.7-javadoc.jar
2023-12-29 21:18:52,588 [Worker-4: Download sources and javadoc] INFO  o.e.m.c.i.e.AbstractTransferListenerAdapter - Downloaded https://repo.maven.apache.org/maven2/com/sun/istack/istack-commons-runtime/3.0.7/istack-commons-runtime-3.0.7-javadoc.jar
2023-12-29 21:18:52,603 [Worker-4: Download sources and javadoc] INFO  o.e.m.j.internal.DownloadSourcesJob - Downloaded javadoc for com.sun.istack:istack-commons-runtime:3.0.7
2023-12-29 21:18:52,697 [Worker-4: Download sources and javadoc] INFO  o.e.m.c.i.e.AbstractTransferListenerAdapter - Downloading https://repo.maven.apache.org/maven2/org/jvnet/staxex/stax-ex/1.8/stax-ex-1.8-javadoc.jar
2023-12-29 21:18:52,940 [Worker-4: Download sources and javadoc] INFO  o.e.m.c.i.e.AbstractTransferListenerAdapter - Downloaded https://repo.maven.apache.org/maven2/org/jvnet/staxex/stax-ex/1.8/stax-ex-1.8-javadoc.jar
2023-12-29 21:18:52,954 [Worker-4: Download sources and javadoc] INFO  o.e.m.j.internal.DownloadSourcesJob - Downloaded javadoc for org.jvnet.staxex:stax-ex:1.8
2023-12-29 21:18:53,096 [Worker-4: Download sources and javadoc] INFO  o.e.m.c.i.e.AbstractTransferListenerAdapter - Downloading https://repo.maven.apache.org/maven2/com/sun/xml/fastinfoset/FastInfoset/1.2.15/FastInfoset-1.2.15-javadoc.jar
2023-12-29 21:18:53,418 [Worker-4: Download sources and javadoc] INFO  o.e.m.c.i.e.AbstractTransferListenerAdapter - Downloaded https://repo.maven.apache.org/maven2/com/sun/xml/fastinfoset/FastInfoset/1.2.15/FastInfoset-1.2.15-javadoc.jar
2023-12-29 21:18:53,434 [Worker-4: Download sources and javadoc] INFO  o.e.m.j.internal.DownloadSourcesJob - Downloaded javadoc for com.sun.xml.fastinfoset:FastInfoset:1.2.15
2023-12-29 21:18:53,542 [Worker-4: Download sources and javadoc] INFO  o.e.m.c.i.e.AbstractTransferListenerAdapter - Downloading https://repo.maven.apache.org/maven2/mysql/mysql-connector-java/8.0.27/mysql-connector-java-8.0.27-sources.jar
2023-12-29 21:18:54,395 [Worker-4: Download sources and javadoc] INFO  o.e.m.c.i.e.AbstractTransferListenerAdapter - Downloaded https://repo.maven.apache.org/maven2/mysql/mysql-connector-java/8.0.27/mysql-connector-java-8.0.27-sources.jar
2023-12-29 21:18:54,409 [Worker-4: Download sources and javadoc] INFO  o.e.m.j.internal.DownloadSourcesJob - Downloaded sources for mysql:mysql-connector-java:8.0.27
2023-12-29 21:18:54,755 [Worker-4: Download sources and javadoc] INFO  o.e.m.c.i.e.AbstractTransferListenerAdapter - Downloaded https://repo.maven.apache.org/maven2/mysql/mysql-connector-java/8.0.27/mysql-connector-java-8.0.27-javadoc.jar
2023-12-29 21:18:54,767 [Worker-4: Download sources and javadoc] ERROR o.e.m.j.internal.DownloadSourcesJob - Could not download javadoc for mysql:mysql-connector-java:8.0.27
org.eclipse.core.runtime.CoreException: Could not resolve artifact mysql:mysql-connector-java:jar:javadoc:8.0.27
	at org.eclipse.m2e.core.internal.embedder.MavenImpl.lambda$6(MavenImpl.java:584)
	at org.eclipse.m2e.core.internal.embedder.MavenExecutionContext.executeBare(MavenExecutionContext.java:394)
	at org.eclipse.m2e.core.internal.embedder.MavenExecutionContext.execute(MavenExecutionContext.java:228)
	at org.eclipse.m2e.core.internal.embedder.MavenExecutionContext.execute(MavenExecutionContext.java:214)
	at org.eclipse.m2e.core.internal.embedder.MavenImpl.resolve(MavenImpl.java:553)
	at org.eclipse.m2e.core.internal.embedder.MavenImpl.resolve(MavenImpl.java:538)
	at org.eclipse.m2e.jdt.internal.DownloadSourcesJob.download(DownloadSourcesJob.java:308)
	at org.eclipse.m2e.jdt.internal.DownloadSourcesJob.downloadAttachments(DownloadSourcesJob.java:294)
	at org.eclipse.m2e.jdt.internal.DownloadSourcesJob.downloadMaven(DownloadSourcesJob.java:252)
	at org.eclipse.m2e.jdt.internal.DownloadSourcesJob.downloadFilesAndPopulateToUpdate(DownloadSourcesJob.java:220)
	at org.eclipse.m2e.jdt.internal.DownloadSourcesJob.lambda$0(DownloadSourcesJob.java:149)
	at org.eclipse.m2e.core.internal.embedder.MavenExecutionContext.executeBare(MavenExecutionContext.java:394)
	at org.eclipse.m2e.core.internal.embedder.MavenExecutionContext.execute(MavenExecutionContext.java:275)
	at org.eclipse.m2e.core.internal.embedder.MavenExecutionContext.execute(MavenExecutionContext.java:214)
	at org.eclipse.m2e.core.embedder.IMaven.execute(IMaven.java:294)
	at org.eclipse.m2e.jdt.internal.DownloadSourcesJob.run(DownloadSourcesJob.java:149)
	at org.eclipse.core.internal.jobs.Worker.run(Worker.java:63)
2023-12-29 21:18:54,918 [Worker-4: Download sources and javadoc] INFO  o.e.m.c.i.e.AbstractTransferListenerAdapter - Downloading https://repo.maven.apache.org/maven2/com/google/protobuf/protobuf-java/3.11.4/protobuf-java-3.11.4-javadoc.jar
2023-12-29 21:18:56,707 [Worker-4: Download sources and javadoc] INFO  o.e.m.c.i.e.AbstractTransferListenerAdapter - Downloaded https://repo.maven.apache.org/maven2/com/google/protobuf/protobuf-java/3.11.4/protobuf-java-3.11.4-javadoc.jar
2023-12-29 21:18:56,725 [Worker-4: Download sources and javadoc] INFO  o.e.m.j.internal.DownloadSourcesJob - Downloaded javadoc for com.google.protobuf:protobuf-java:3.11.4
2023-12-29 21:19:16,135 [Worker-16: Building] INFO  o.a.m.s.f.DefaultMavenResourcesFiltering - skip non existing resourceDirectory C:\Users\faiza\Desktop\Hibernate\LearnHibernate\src\main\resources
2023-12-29 21:19:16,144 [Worker-16: Building] INFO  o.a.m.s.f.DefaultMavenResourcesFiltering - skip non existing resourceDirectory C:\Users\faiza\Desktop\Hibernate\LearnHibernate\src\test\resources
2023-12-29 21:27:26,433 [Worker-19: Building] INFO  o.a.m.s.f.DefaultMavenResourcesFiltering - skip non existing resourceDirectory C:\Users\faiza\Desktop\Hibernate\LearnHibernate\src\main\resources
2023-12-29 21:27:26,441 [Worker-19: Building] INFO  o.a.m.s.f.DefaultMavenResourcesFiltering - skip non existing resourceDirectory C:\Users\faiza\Desktop\Hibernate\LearnHibernate\src\test\resources
2023-12-29 21:28:23,496 [Start Help Server] INFO  org.eclipse.jetty.server.Server - jetty-12.0.3; built: 2023-10-27T03:25:22.284Z; git: a873259fd5af141dedaa6c7fa8fe8fbdedce0d61; jvm 20.0.2+9-78
2023-12-29 21:28:23,730 [Start Help Server] INFO  o.e.j.server.handler.ContextHandler - Started oeje8n.ContextHandler$CoreContextHandler@39f2653d{/help,/help,b=null,a=AVAILABLE,h=oeje8n.ContextHandler$CoreContextHandler$CoreToNestedHandler@3d686987{STARTED}}
2023-12-29 21:28:23,733 [Start Help Server] INFO  o.e.j.s.DefaultSessionIdManager - Session workerName=node0
2023-12-29 21:28:23,878 [Start Help Server] INFO  o.e.jetty.server.AbstractConnector - Started ServerConnector@13d970fc{HTTP/1.1, (http/1.1)}{127.0.0.1:50784}
2023-12-29 21:28:23,892 [Start Help Server] INFO  org.eclipse.jetty.server.Server - Started oejs.Server@1b46da0a{STARTING}[12.0.3,sto=0] @1003687ms
2023-12-29 21:31:31,887 [Worker-16: Building] INFO  o.a.m.s.f.DefaultMavenResourcesFiltering - skip non existing resourceDirectory C:\Users\faiza\Desktop\Hibernate\LearnHibernate\src\main\resources
2023-12-29 21:31:31,897 [Worker-16: Building] INFO  o.a.m.s.f.DefaultMavenResourcesFiltering - skip non existing resourceDirectory C:\Users\faiza\Desktop\Hibernate\LearnHibernate\src\test\resources
2023-12-29 21:32:17,818 [Worker-20: Building] INFO  o.a.m.s.f.DefaultMavenResourcesFiltering - skip non existing resourceDirectory C:\Users\faiza\Desktop\Hibernate\LearnHibernate\src\main\resources
2023-12-29 21:32:17,827 [Worker-20: Building] INFO  o.a.m.s.f.DefaultMavenResourcesFiltering - skip non existing resourceDirectory C:\Users\faiza\Desktop\Hibernate\LearnHibernate\src\test\resources
2023-12-29 21:33:42,939 [Worker-18: Building] INFO  o.a.m.s.f.DefaultMavenResourcesFiltering - skip non existing resourceDirectory C:\Users\faiza\Desktop\Hibernate\LearnHibernate\src\main\resources
2023-12-29 21:33:42,948 [Worker-18: Building] INFO  o.a.m.s.f.DefaultMavenResourcesFiltering - skip non existing resourceDirectory C:\Users\faiza\Desktop\Hibernate\LearnHibernate\src\test\resources
2023-12-29 21:35:58,586 [Worker-21: Building] INFO  o.a.m.s.f.DefaultMavenResourcesFiltering - skip non existing resourceDirectory C:\Users\faiza\Desktop\Hibernate\LearnHibernate\src\main\resources
2023-12-29 21:35:58,594 [Worker-21: Building] INFO  o.a.m.s.f.DefaultMavenResourcesFiltering - skip non existing resourceDirectory C:\Users\faiza\Desktop\Hibernate\LearnHibernate\src\test\resources
2023-12-29 21:44:00,841 [Worker-15: Building] INFO  o.a.m.s.f.DefaultMavenResourcesFiltering - skip non existing resourceDirectory C:\Users\faiza\Desktop\Hibernate\LearnHibernate\src\main\resources
2023-12-29 21:44:00,853 [Worker-15: Building] INFO  o.a.m.s.f.DefaultMavenResourcesFiltering - skip non existing resourceDirectory C:\Users\faiza\Desktop\Hibernate\LearnHibernate\src\test\resources
2023-12-29 21:45:21,038 [Worker-21: Building] INFO  o.a.m.s.f.DefaultMavenResourcesFiltering - skip non existing resourceDirectory C:\Users\faiza\Desktop\Hibernate\LearnHibernate\src\main\resources
2023-12-29 21:45:21,045 [Worker-21: Building] INFO  o.a.m.s.f.DefaultMavenResourcesFiltering - skip non existing resourceDirectory C:\Users\faiza\Desktop\Hibernate\LearnHibernate\src\test\resources
2023-12-29 21:46:23,530 [Worker-15: Building] INFO  o.a.m.s.f.DefaultMavenResourcesFiltering - skip non existing resourceDirectory C:\Users\faiza\Desktop\Hibernate\LearnHibernate\src\main\resources
2023-12-29 21:46:23,538 [Worker-15: Building] INFO  o.a.m.s.f.DefaultMavenResourcesFiltering - skip non existing resourceDirectory C:\Users\faiza\Desktop\Hibernate\LearnHibernate\src\test\resources
2023-12-29 21:46:46,339 [Worker-21: Building] INFO  o.a.m.s.f.DefaultMavenResourcesFiltering - skip non existing resourceDirectory C:\Users\faiza\Desktop\Hibernate\LearnHibernate\src\main\resources
2023-12-29 21:46:46,347 [Worker-21: Building] INFO  o.a.m.s.f.DefaultMavenResourcesFiltering - skip non existing resourceDirectory C:\Users\faiza\Desktop\Hibernate\LearnHibernate\src\test\resources
2023-12-29 21:47:02,012 [Worker-22: Building] INFO  o.a.m.s.f.DefaultMavenResourcesFiltering - skip non existing resourceDirectory C:\Users\faiza\Desktop\Hibernate\LearnHibernate\src\main\resources
2023-12-29 21:47:02,037 [Worker-22: Building] INFO  o.a.m.s.f.DefaultMavenResourcesFiltering - skip non existing resourceDirectory C:\Users\faiza\Desktop\Hibernate\LearnHibernate\src\test\resources
2023-12-29 21:48:30,272 [Worker-16: Building] INFO  o.a.m.s.f.DefaultMavenResourcesFiltering - skip non existing resourceDirectory C:\Users\faiza\Desktop\Hibernate\LearnHibernate\src\main\resources
2023-12-29 21:48:30,281 [Worker-16: Building] INFO  o.a.m.s.f.DefaultMavenResourcesFiltering - skip non existing resourceDirectory C:\Users\faiza\Desktop\Hibernate\LearnHibernate\src\test\resources
2023-12-29 21:48:46,458 [Worker-16: Building] INFO  o.a.m.s.f.DefaultMavenResourcesFiltering - skip non existing resourceDirectory C:\Users\faiza\Desktop\Hibernate\LearnHibernate\src\main\resources
2023-12-29 21:48:46,466 [Worker-16: Building] INFO  o.a.m.s.f.DefaultMavenResourcesFiltering - skip non existing resourceDirectory C:\Users\faiza\Desktop\Hibernate\LearnHibernate\src\test\resources
2023-12-29 21:52:23,796 [Worker-24: Building] INFO  o.a.m.s.f.DefaultMavenResourcesFiltering - skip non existing resourceDirectory C:\Users\faiza\Desktop\Hibernate\LearnHibernate\src\main\resources
2023-12-29 21:52:23,806 [Worker-24: Building] INFO  o.a.m.s.f.DefaultMavenResourcesFiltering - skip non existing resourceDirectory C:\Users\faiza\Desktop\Hibernate\LearnHibernate\src\test\resources
2023-12-29 21:53:56,077 [Worker-22: Building] INFO  o.a.m.s.f.DefaultMavenResourcesFiltering - skip non existing resourceDirectory C:\Users\faiza\Desktop\Hibernate\LearnHibernate\src\main\resources
2023-12-29 21:53:56,086 [Worker-22: Building] INFO  o.a.m.s.f.DefaultMavenResourcesFiltering - skip non existing resourceDirectory C:\Users\faiza\Desktop\Hibernate\LearnHibernate\src\test\resources
2023-12-29 21:55:14,419 [Worker-26: Building] INFO  o.a.m.s.f.DefaultMavenResourcesFiltering - skip non existing resourceDirectory C:\Users\faiza\Desktop\Hibernate\LearnHibernate\src\main\resources
2023-12-29 21:55:14,426 [Worker-26: Building] INFO  o.a.m.s.f.DefaultMavenResourcesFiltering - skip non existing resourceDirectory C:\Users\faiza\Desktop\Hibernate\LearnHibernate\src\test\resources
2023-12-29 21:56:04,192 [Worker-22: Building] INFO  o.a.m.s.f.DefaultMavenResourcesFiltering - skip non existing resourceDirectory C:\Users\faiza\Desktop\Hibernate\LearnHibernate\src\main\resources
2023-12-29 21:56:04,198 [Worker-22: Building] INFO  o.a.m.s.f.DefaultMavenResourcesFiltering - skip non existing resourceDirectory C:\Users\faiza\Desktop\Hibernate\LearnHibernate\src\test\resources
2023-12-29 21:56:53,435 [Worker-25: Building] INFO  o.a.m.s.f.DefaultMavenResourcesFiltering - skip non existing resourceDirectory C:\Users\faiza\Desktop\Hibernate\LearnHibernate\src\main\resources
2023-12-29 21:56:53,444 [Worker-25: Building] INFO  o.a.m.s.f.DefaultMavenResourcesFiltering - skip non existing resourceDirectory C:\Users\faiza\Desktop\Hibernate\LearnHibernate\src\test\resources
2023-12-29 21:59:12,243 [Worker-27: Building] INFO  o.a.m.s.f.DefaultMavenResourcesFiltering - skip non existing resourceDirectory C:\Users\faiza\Desktop\Hibernate\LearnHibernate\src\main\resources
2023-12-29 21:59:12,250 [Worker-27: Building] INFO  o.a.m.s.f.DefaultMavenResourcesFiltering - skip non existing resourceDirectory C:\Users\faiza\Desktop\Hibernate\LearnHibernate\src\test\resources
2023-12-29 22:03:55,153 [Worker-31: Building] INFO  o.a.m.s.f.DefaultMavenResourcesFiltering - skip non existing resourceDirectory C:\Users\faiza\Desktop\Hibernate\LearnHibernate\src\main\resources
2023-12-29 22:03:55,160 [Worker-31: Building] INFO  o.a.m.s.f.DefaultMavenResourcesFiltering - skip non existing resourceDirectory C:\Users\faiza\Desktop\Hibernate\LearnHibernate\src\test\resources
2023-12-29 22:05:32,159 [Worker-30: Building] INFO  o.a.m.s.f.DefaultMavenResourcesFiltering - skip non existing resourceDirectory C:\Users\faiza\Desktop\Hibernate\LearnHibernate\src\main\resources
2023-12-29 22:05:32,166 [Worker-30: Building] INFO  o.a.m.s.f.DefaultMavenResourcesFiltering - skip non existing resourceDirectory C:\Users\faiza\Desktop\Hibernate\LearnHibernate\src\test\resources
2023-12-29 22:07:39,962 [Worker-36: Building] INFO  o.a.m.s.f.DefaultMavenResourcesFiltering - skip non existing resourceDirectory C:\Users\faiza\Desktop\Hibernate\LearnHibernate\src\main\resources
2023-12-29 22:07:39,968 [Worker-36: Building] INFO  o.a.m.s.f.DefaultMavenResourcesFiltering - skip non existing resourceDirectory C:\Users\faiza\Desktop\Hibernate\LearnHibernate\src\test\resources
2023-12-29 22:09:01,564 [Worker-41: Building] INFO  o.a.m.s.f.DefaultMavenResourcesFiltering - skip non existing resourceDirectory C:\Users\faiza\Desktop\Hibernate\LearnHibernate\src\main\resources
2023-12-29 22:09:01,570 [Worker-41: Building] INFO  o.a.m.s.f.DefaultMavenResourcesFiltering - skip non existing resourceDirectory C:\Users\faiza\Desktop\Hibernate\LearnHibernate\src\test\resources
2023-12-29 22:09:29,267 [Worker-41: Updating Maven Project] INFO  o.e.m.c.i.p.ProjectConfigurationManager - Update started
2023-12-29 22:09:30,562 [Worker-41: Updating Maven Project] INFO  o.e.m.c.i.l.LifecycleMappingFactory - Using org.eclipse.m2e.jdt.JarLifecycleMapping lifecycle mapping for MavenProject: Hibernate1st:LearnHibernate:0.0.1-SNAPSHOT @ C:\Users\faiza\Desktop\Hibernate\LearnHibernate\pom.xml.
2023-12-29 22:09:31,876 [Worker-41: Updating Maven Project] INFO  o.e.m.j.i.AbstractJavaProjectConfigurator - Adding source folder /LearnHibernate/src/main/java
2023-12-29 22:09:31,876 [Worker-41: Updating Maven Project] INFO  o.e.m.j.i.AbstractJavaProjectConfigurator - Adding resource folder /LearnHibernate/src/main/resources
2023-12-29 22:09:31,878 [Worker-41: Updating Maven Project] INFO  o.e.m.j.i.AbstractJavaProjectConfigurator - Adding source folder /LearnHibernate/src/test/java
2023-12-29 22:09:31,879 [Worker-41: Updating Maven Project] INFO  o.e.m.j.i.AbstractJavaProjectConfigurator - Adding resource folder /LearnHibernate/src/test/resources
2023-12-29 22:09:32,686 [Worker-41: Updating Maven Project] INFO  o.e.m.c.i.p.ProjectConfigurationManager - Update completed for 1 poms: local refresh takes 0.00 sec, refresh facades takes 2.00 sec, update config takes 0.00 sec 
2023-12-29 22:09:33,164 [Worker-37: Building] INFO  o.a.m.s.f.DefaultMavenResourcesFiltering - skip non existing resourceDirectory C:\Users\faiza\Desktop\Hibernate\LearnHibernate\src\main\resources
2023-12-29 22:09:33,179 [Worker-37: Building] INFO  o.a.m.s.f.DefaultMavenResourcesFiltering - skip non existing resourceDirectory C:\Users\faiza\Desktop\Hibernate\LearnHibernate\src\test\resources
2023-12-29 22:10:49,928 [Worker-37: Building] INFO  o.a.m.s.f.DefaultMavenResourcesFiltering - skip non existing resourceDirectory C:\Users\faiza\Desktop\Hibernate\LearnHibernate\src\main\resources
2023-12-29 22:10:49,935 [Worker-37: Building] INFO  o.a.m.s.f.DefaultMavenResourcesFiltering - skip non existing resourceDirectory C:\Users\faiza\Desktop\Hibernate\LearnHibernate\src\test\resources
2023-12-29 22:16:41,179 [Worker-44: Building] INFO  o.a.m.s.f.DefaultMavenResourcesFiltering - skip non existing resourceDirectory C:\Users\faiza\Desktop\Hibernate\LearnHibernate\src\main\resources
2023-12-29 22:16:41,185 [Worker-44: Building] INFO  o.a.m.s.f.DefaultMavenResourcesFiltering - skip non existing resourceDirectory C:\Users\faiza\Desktop\Hibernate\LearnHibernate\src\test\resources
2023-12-29 22:34:40,307 [Worker-50: Launching mavenrun-7e9b5172-b864-4a56-9132-580f5a462cee] INFO  o.eclipse.m2e.core.internal.Bundles - getClasspathEntries(Bundle=org.eclipse.m2e.maven.runtime_3.9.500.20231113-2345 [626])
2023-12-29 22:34:40,324 [Worker-50: Launching mavenrun-7e9b5172-b864-4a56-9132-580f5a462cee] INFO  o.eclipse.m2e.core.internal.Bundles - 	Entry: C:\Users\faiza\.p2\pool\plugins\org.eclipse.m2e.maven.runtime_3.9.500.20231113-2345
2023-12-29 22:34:40,326 [Worker-50: Launching mavenrun-7e9b5172-b864-4a56-9132-580f5a462cee] INFO  o.eclipse.m2e.core.internal.Bundles - 	Entry: C:\Users\faiza\.p2\pool\plugins\org.eclipse.m2e.maven.runtime_3.9.500.20231113-2345\jars\aopalliance-1.0.jar
2023-12-29 22:34:40,327 [Worker-50: Launching mavenrun-7e9b5172-b864-4a56-9132-580f5a462cee] INFO  o.eclipse.m2e.core.internal.Bundles - 	Entry: C:\Users\faiza\.p2\pool\plugins\org.eclipse.m2e.maven.runtime_3.9.500.20231113-2345\jars\guice-5.1.0.jar
2023-12-29 22:34:40,328 [Worker-50: Launching mavenrun-7e9b5172-b864-4a56-9132-580f5a462cee] INFO  o.eclipse.m2e.core.internal.Bundles - 	Entry: C:\Users\faiza\.p2\pool\plugins\org.eclipse.m2e.maven.runtime_3.9.500.20231113-2345\jars\httpclient-4.5.14.jar
2023-12-29 22:34:40,329 [Worker-50: Launching mavenrun-7e9b5172-b864-4a56-9132-580f5a462cee] INFO  o.eclipse.m2e.core.internal.Bundles - 	Entry: C:\Users\faiza\.p2\pool\plugins\org.eclipse.m2e.maven.runtime_3.9.500.20231113-2345\jars\httpcore-4.4.16.jar
2023-12-29 22:34:40,329 [Worker-50: Launching mavenrun-7e9b5172-b864-4a56-9132-580f5a462cee] INFO  o.eclipse.m2e.core.internal.Bundles - 	Entry: C:\Users\faiza\.p2\pool\plugins\org.eclipse.m2e.maven.runtime_3.9.500.20231113-2345\jars\jansi-2.4.0.jar
2023-12-29 22:34:40,330 [Worker-50: Launching mavenrun-7e9b5172-b864-4a56-9132-580f5a462cee] INFO  o.eclipse.m2e.core.internal.Bundles - 	Entry: C:\Users\faiza\.p2\pool\plugins\org.eclipse.m2e.maven.runtime_3.9.500.20231113-2345\jars\jcl-over-slf4j-1.7.36.jar
2023-12-29 22:34:40,331 [Worker-50: Launching mavenrun-7e9b5172-b864-4a56-9132-580f5a462cee] INFO  o.eclipse.m2e.core.internal.Bundles - 	Entry: C:\Users\faiza\.p2\pool\plugins\org.eclipse.m2e.maven.runtime_3.9.500.20231113-2345\jars\maven-artifact-3.9.5.jar
2023-12-29 22:34:40,331 [Worker-50: Launching mavenrun-7e9b5172-b864-4a56-9132-580f5a462cee] INFO  o.eclipse.m2e.core.internal.Bundles - 	Entry: C:\Users\faiza\.p2\pool\plugins\org.eclipse.m2e.maven.runtime_3.9.500.20231113-2345\jars\maven-builder-support-3.9.5.jar
2023-12-29 22:34:40,332 [Worker-50: Launching mavenrun-7e9b5172-b864-4a56-9132-580f5a462cee] INFO  o.eclipse.m2e.core.internal.Bundles - 	Entry: C:\Users\faiza\.p2\pool\plugins\org.eclipse.m2e.maven.runtime_3.9.500.20231113-2345\jars\maven-compat-3.9.5.jar
2023-12-29 22:34:40,333 [Worker-50: Launching mavenrun-7e9b5172-b864-4a56-9132-580f5a462cee] INFO  o.eclipse.m2e.core.internal.Bundles - 	Entry: C:\Users\faiza\.p2\pool\plugins\org.eclipse.m2e.maven.runtime_3.9.500.20231113-2345\jars\maven-core-3.9.5.jar
2023-12-29 22:34:40,334 [Worker-50: Launching mavenrun-7e9b5172-b864-4a56-9132-580f5a462cee] INFO  o.eclipse.m2e.core.internal.Bundles - 	Entry: C:\Users\faiza\.p2\pool\plugins\org.eclipse.m2e.maven.runtime_3.9.500.20231113-2345\jars\maven-embedder-3.9.5.jar
2023-12-29 22:34:40,335 [Worker-50: Launching mavenrun-7e9b5172-b864-4a56-9132-580f5a462cee] INFO  o.eclipse.m2e.core.internal.Bundles - 	Entry: C:\Users\faiza\.p2\pool\plugins\org.eclipse.m2e.maven.runtime_3.9.500.20231113-2345\jars\maven-model-3.9.5.jar
2023-12-29 22:34:40,337 [Worker-50: Launching mavenrun-7e9b5172-b864-4a56-9132-580f5a462cee] INFO  o.eclipse.m2e.core.internal.Bundles - 	Entry: C:\Users\faiza\.p2\pool\plugins\org.eclipse.m2e.maven.runtime_3.9.500.20231113-2345\jars\maven-model-builder-3.9.5.jar
2023-12-29 22:34:40,340 [Worker-50: Launching mavenrun-7e9b5172-b864-4a56-9132-580f5a462cee] INFO  o.eclipse.m2e.core.internal.Bundles - 	Entry: C:\Users\faiza\.p2\pool\plugins\org.eclipse.m2e.maven.runtime_3.9.500.20231113-2345\jars\maven-plugin-api-3.9.5.jar
2023-12-29 22:34:40,342 [Worker-50: Launching mavenrun-7e9b5172-b864-4a56-9132-580f5a462cee] INFO  o.eclipse.m2e.core.internal.Bundles - 	Entry: C:\Users\faiza\.p2\pool\plugins\org.eclipse.m2e.maven.runtime_3.9.500.20231113-2345\jars\maven-repository-metadata-3.9.5.jar
2023-12-29 22:34:40,344 [Worker-50: Launching mavenrun-7e9b5172-b864-4a56-9132-580f5a462cee] INFO  o.eclipse.m2e.core.internal.Bundles - 	Entry: C:\Users\faiza\.p2\pool\plugins\org.eclipse.m2e.maven.runtime_3.9.500.20231113-2345\jars\maven-resolver-api-1.9.16.jar
2023-12-29 22:34:40,345 [Worker-50: Launching mavenrun-7e9b5172-b864-4a56-9132-580f5a462cee] INFO  o.eclipse.m2e.core.internal.Bundles - 	Entry: C:\Users\faiza\.p2\pool\plugins\org.eclipse.m2e.maven.runtime_3.9.500.20231113-2345\jars\maven-resolver-connector-basic-1.9.16.jar
2023-12-29 22:34:40,346 [Worker-50: Launching mavenrun-7e9b5172-b864-4a56-9132-580f5a462cee] INFO  o.eclipse.m2e.core.internal.Bundles - 	Entry: C:\Users\faiza\.p2\pool\plugins\org.eclipse.m2e.maven.runtime_3.9.500.20231113-2345\jars\maven-resolver-impl-1.9.16.jar
2023-12-29 22:34:40,347 [Worker-50: Launching mavenrun-7e9b5172-b864-4a56-9132-580f5a462cee] INFO  o.eclipse.m2e.core.internal.Bundles - 	Entry: C:\Users\faiza\.p2\pool\plugins\org.eclipse.m2e.maven.runtime_3.9.500.20231113-2345\jars\maven-resolver-named-locks-1.9.16.jar
2023-12-29 22:34:40,347 [Worker-50: Launching mavenrun-7e9b5172-b864-4a56-9132-580f5a462cee] INFO  o.eclipse.m2e.core.internal.Bundles - 	Entry: C:\Users\faiza\.p2\pool\plugins\org.eclipse.m2e.maven.runtime_3.9.500.20231113-2345\jars\maven-resolver-provider-3.9.5.jar
2023-12-29 22:34:40,348 [Worker-50: Launching mavenrun-7e9b5172-b864-4a56-9132-580f5a462cee] INFO  o.eclipse.m2e.core.internal.Bundles - 	Entry: C:\Users\faiza\.p2\pool\plugins\org.eclipse.m2e.maven.runtime_3.9.500.20231113-2345\jars\maven-resolver-spi-1.9.16.jar
2023-12-29 22:34:40,348 [Worker-50: Launching mavenrun-7e9b5172-b864-4a56-9132-580f5a462cee] INFO  o.eclipse.m2e.core.internal.Bundles - 	Entry: C:\Users\faiza\.p2\pool\plugins\org.eclipse.m2e.maven.runtime_3.9.500.20231113-2345\jars\maven-resolver-transport-file-1.9.16.jar
2023-12-29 22:34:40,349 [Worker-50: Launching mavenrun-7e9b5172-b864-4a56-9132-580f5a462cee] INFO  o.eclipse.m2e.core.internal.Bundles - 	Entry: C:\Users\faiza\.p2\pool\plugins\org.eclipse.m2e.maven.runtime_3.9.500.20231113-2345\jars\maven-resolver-transport-http-1.9.16.jar
2023-12-29 22:34:40,350 [Worker-50: Launching mavenrun-7e9b5172-b864-4a56-9132-580f5a462cee] INFO  o.eclipse.m2e.core.internal.Bundles - 	Entry: C:\Users\faiza\.p2\pool\plugins\org.eclipse.m2e.maven.runtime_3.9.500.20231113-2345\jars\maven-resolver-transport-wagon-1.9.16.jar
2023-12-29 22:34:40,350 [Worker-50: Launching mavenrun-7e9b5172-b864-4a56-9132-580f5a462cee] INFO  o.eclipse.m2e.core.internal.Bundles - 	Entry: C:\Users\faiza\.p2\pool\plugins\org.eclipse.m2e.maven.runtime_3.9.500.20231113-2345\jars\maven-resolver-util-1.9.16.jar
2023-12-29 22:34:40,353 [Worker-50: Launching mavenrun-7e9b5172-b864-4a56-9132-580f5a462cee] INFO  o.eclipse.m2e.core.internal.Bundles - 	Entry: C:\Users\faiza\.p2\pool\plugins\org.eclipse.m2e.maven.runtime_3.9.500.20231113-2345\jars\maven-settings-3.9.5.jar
2023-12-29 22:34:40,355 [Worker-50: Launching mavenrun-7e9b5172-b864-4a56-9132-580f5a462cee] INFO  o.eclipse.m2e.core.internal.Bundles - 	Entry: C:\Users\faiza\.p2\pool\plugins\org.eclipse.m2e.maven.runtime_3.9.500.20231113-2345\jars\maven-settings-builder-3.9.5.jar
2023-12-29 22:34:40,357 [Worker-50: Launching mavenrun-7e9b5172-b864-4a56-9132-580f5a462cee] INFO  o.eclipse.m2e.core.internal.Bundles - 	Entry: C:\Users\faiza\.p2\pool\plugins\org.eclipse.m2e.maven.runtime_3.9.500.20231113-2345\jars\maven-shared-utils-3.3.4.jar
2023-12-29 22:34:40,358 [Worker-50: Launching mavenrun-7e9b5172-b864-4a56-9132-580f5a462cee] INFO  o.eclipse.m2e.core.internal.Bundles - 	Entry: C:\Users\faiza\.p2\pool\plugins\org.eclipse.m2e.maven.runtime_3.9.500.20231113-2345\jars\org.eclipse.sisu.inject-0.3.5.jar
2023-12-29 22:34:40,371 [Worker-50: Launching mavenrun-7e9b5172-b864-4a56-9132-580f5a462cee] INFO  o.eclipse.m2e.core.internal.Bundles - 	Entry: C:\Users\faiza\.p2\pool\plugins\org.eclipse.m2e.maven.runtime_3.9.500.20231113-2345\jars\org.eclipse.sisu.plexus-0.3.5.jar
2023-12-29 22:34:40,374 [Worker-50: Launching mavenrun-7e9b5172-b864-4a56-9132-580f5a462cee] INFO  o.eclipse.m2e.core.internal.Bundles - 	Entry: C:\Users\faiza\.p2\pool\plugins\org.eclipse.m2e.maven.runtime_3.9.500.20231113-2345\jars\plexus-build-api-0.0.7.jar
2023-12-29 22:34:40,377 [Worker-50: Launching mavenrun-7e9b5172-b864-4a56-9132-580f5a462cee] INFO  o.eclipse.m2e.core.internal.Bundles - 	Entry: C:\Users\faiza\.p2\pool\plugins\org.eclipse.m2e.maven.runtime_3.9.500.20231113-2345\jars\plexus-cipher-2.0.jar
2023-12-29 22:34:40,378 [Worker-50: Launching mavenrun-7e9b5172-b864-4a56-9132-580f5a462cee] INFO  o.eclipse.m2e.core.internal.Bundles - 	Entry: C:\Users\faiza\.p2\pool\plugins\org.eclipse.m2e.maven.runtime_3.9.500.20231113-2345\jars\plexus-classworlds-2.7.0.jar
2023-12-29 22:34:40,379 [Worker-50: Launching mavenrun-7e9b5172-b864-4a56-9132-580f5a462cee] INFO  o.eclipse.m2e.core.internal.Bundles - 	Entry: C:\Users\faiza\.p2\pool\plugins\org.eclipse.m2e.maven.runtime_3.9.500.20231113-2345\jars\plexus-component-annotations-2.1.0.jar
2023-12-29 22:34:40,380 [Worker-50: Launching mavenrun-7e9b5172-b864-4a56-9132-580f5a462cee] INFO  o.eclipse.m2e.core.internal.Bundles - 	Entry: C:\Users\faiza\.p2\pool\plugins\org.eclipse.m2e.maven.runtime_3.9.500.20231113-2345\jars\plexus-interpolation-1.26.jar
2023-12-29 22:34:40,388 [Worker-50: Launching mavenrun-7e9b5172-b864-4a56-9132-580f5a462cee] INFO  o.eclipse.m2e.core.internal.Bundles - 	Entry: C:\Users\faiza\.p2\pool\plugins\org.eclipse.m2e.maven.runtime_3.9.500.20231113-2345\jars\plexus-sec-dispatcher-2.0.jar
2023-12-29 22:34:40,390 [Worker-50: Launching mavenrun-7e9b5172-b864-4a56-9132-580f5a462cee] INFO  o.eclipse.m2e.core.internal.Bundles - 	Entry: C:\Users\faiza\.p2\pool\plugins\org.eclipse.m2e.maven.runtime_3.9.500.20231113-2345\jars\plexus-utils-3.5.1.jar
2023-12-29 22:34:40,391 [Worker-50: Launching mavenrun-7e9b5172-b864-4a56-9132-580f5a462cee] INFO  o.eclipse.m2e.core.internal.Bundles - 	Entry: C:\Users\faiza\.p2\pool\plugins\org.eclipse.m2e.maven.runtime_3.9.500.20231113-2345\jars\wagon-file-3.5.3.jar
2023-12-29 22:34:40,392 [Worker-50: Launching mavenrun-7e9b5172-b864-4a56-9132-580f5a462cee] INFO  o.eclipse.m2e.core.internal.Bundles - 	Entry: C:\Users\faiza\.p2\pool\plugins\org.eclipse.m2e.maven.runtime_3.9.500.20231113-2345\jars\wagon-http-3.5.3.jar
2023-12-29 22:34:40,393 [Worker-50: Launching mavenrun-7e9b5172-b864-4a56-9132-580f5a462cee] INFO  o.eclipse.m2e.core.internal.Bundles - 	Entry: C:\Users\faiza\.p2\pool\plugins\org.eclipse.m2e.maven.runtime_3.9.500.20231113-2345\jars\wagon-http-shared-3.5.3.jar
2023-12-29 22:34:40,394 [Worker-50: Launching mavenrun-7e9b5172-b864-4a56-9132-580f5a462cee] INFO  o.eclipse.m2e.core.internal.Bundles - 	Entry: C:\Users\faiza\.p2\pool\plugins\org.eclipse.m2e.maven.runtime_3.9.500.20231113-2345\jars\wagon-provider-api-3.5.3.jar
2023-12-29 22:34:40,399 [Worker-50: Launching mavenrun-7e9b5172-b864-4a56-9132-580f5a462cee] INFO  o.eclipse.m2e.core.internal.Bundles - getClasspathEntries(Bundle=com.google.guava_32.1.3.jre [12])
2023-12-29 22:34:40,401 [Worker-50: Launching mavenrun-7e9b5172-b864-4a56-9132-580f5a462cee] INFO  o.eclipse.m2e.core.internal.Bundles - 	Entry: C:\Users\faiza\.p2\pool\plugins\com.google.guava_32.1.3.jre.jar
2023-12-29 22:34:40,402 [Worker-50: Launching mavenrun-7e9b5172-b864-4a56-9132-580f5a462cee] INFO  o.eclipse.m2e.core.internal.Bundles - getClasspathEntries(Bundle=slf4j.api_2.0.9 [986])
2023-12-29 22:34:40,405 [Worker-50: Launching mavenrun-7e9b5172-b864-4a56-9132-580f5a462cee] INFO  o.eclipse.m2e.core.internal.Bundles - 	Entry: C:\Users\faiza\.p2\pool\plugins\slf4j.api_2.0.9.jar
2023-12-29 22:34:40,405 [Worker-50: Launching mavenrun-7e9b5172-b864-4a56-9132-580f5a462cee] INFO  o.eclipse.m2e.core.internal.Bundles - getClasspathEntries(Bundle=jakarta.inject.jakarta.inject-api_1.0.5 [29])
2023-12-29 22:34:40,426 [Worker-50: Launching mavenrun-7e9b5172-b864-4a56-9132-580f5a462cee] INFO  o.eclipse.m2e.core.internal.Bundles - 	Entry: C:\Users\faiza\.p2\pool\plugins\jakarta.inject.jakarta.inject-api_1.0.5.jar
2023-12-29 22:34:40,427 [Worker-50: Launching mavenrun-7e9b5172-b864-4a56-9132-580f5a462cee] INFO  o.eclipse.m2e.core.internal.Bundles - getClasspathEntries(Bundle=javax.annotation_1.3.5.v20200909-1856 [997])
2023-12-29 22:34:40,428 [Worker-50: Launching mavenrun-7e9b5172-b864-4a56-9132-580f5a462cee] INFO  o.eclipse.m2e.core.internal.Bundles - 	Entry: C:\Users\faiza\.p2\pool\plugins\javax.annotation_1.3.5.v20200909-1856.jar
2023-12-29 22:34:40,428 [Worker-50: Launching mavenrun-7e9b5172-b864-4a56-9132-580f5a462cee] INFO  o.eclipse.m2e.core.internal.Bundles - getClasspathEntries(Bundle=org.apache.commons.cli_1.6.0 [71])
2023-12-29 22:34:40,430 [Worker-50: Launching mavenrun-7e9b5172-b864-4a56-9132-580f5a462cee] INFO  o.eclipse.m2e.core.internal.Bundles - 	Entry: C:\Users\faiza\.p2\pool\plugins\org.apache.commons.cli_1.6.0.jar
2023-12-29 22:34:40,430 [Worker-50: Launching mavenrun-7e9b5172-b864-4a56-9132-580f5a462cee] INFO  o.eclipse.m2e.core.internal.Bundles - getClasspathEntries(Bundle=org.apache.commons.commons-codec_1.16.0 [75])
2023-12-29 22:34:40,432 [Worker-50: Launching mavenrun-7e9b5172-b864-4a56-9132-580f5a462cee] INFO  o.eclipse.m2e.core.internal.Bundles - 	Entry: C:\Users\faiza\.p2\pool\plugins\org.apache.commons.commons-codec_1.16.0.jar
2023-12-29 22:34:40,432 [Worker-50: Launching mavenrun-7e9b5172-b864-4a56-9132-580f5a462cee] INFO  o.eclipse.m2e.core.internal.Bundles - getClasspathEntries(Bundle=org.apache.commons.lang3_3.13.0 [82])
2023-12-29 22:34:40,434 [Worker-50: Launching mavenrun-7e9b5172-b864-4a56-9132-580f5a462cee] INFO  o.eclipse.m2e.core.internal.Bundles - 	Entry: C:\Users\faiza\.p2\pool\plugins\org.apache.commons.lang3_3.13.0.jar
2023-12-29 22:34:40,434 [Worker-50: Launching mavenrun-7e9b5172-b864-4a56-9132-580f5a462cee] INFO  o.eclipse.m2e.core.internal.Bundles - getClasspathEntries(Bundle=com.google.guava.failureaccess_1.0.2 [13])
2023-12-29 22:34:40,436 [Worker-50: Launching mavenrun-7e9b5172-b864-4a56-9132-580f5a462cee] INFO  o.eclipse.m2e.core.internal.Bundles - 	Entry: C:\Users\faiza\.p2\pool\plugins\com.google.guava.failureaccess_1.0.2.jar
2023-12-29 22:34:40,442 [Worker-50: Launching mavenrun-7e9b5172-b864-4a56-9132-580f5a462cee] INFO  o.e.m.i.launch.MavenLaunchDelegate - Run build in "C:\Users\faiza\AppData\Local\Temp\m2e-archetypeGenerator5322122309352794044":
2023-12-29 22:34:40,443 [Worker-50: Launching mavenrun-7e9b5172-b864-4a56-9132-580f5a462cee] INFO  o.e.m.i.launch.MavenLaunchDelegate -  mvn  -DarchetypeGroupId=org.apache.maven.archetypes -DarchetypeArtifactId=maven-archetype-quickstart -DarchetypeVersion=1.1 -DgroupId=Hibernate2st -DartifactId=LearnHibernate2 -Dversion=0.0.1-SNAPSHOT -Dpackage=Hibernate2st.LearnHibernate2 -DoutputDirectory=C:\Users\faiza\Desktop\Hibernate -Dstyle.color=always -U archetype:generate
2023-12-29 22:35:13,777 [Worker-51: Creating maven-archetype-quickstart] INFO  o.e.m.c.i.p.ProjectConfigurationManager - Collecting project info '/pom.xml' C:\Users\faiza\Desktop\Hibernate\LearnHibernate2\pom.xml
2023-12-29 22:35:14,037 [Worker-51: Creating maven-archetype-quickstart] INFO  o.e.m.c.i.l.LifecycleMappingFactory - Using org.eclipse.m2e.jdt.JarLifecycleMapping lifecycle mapping for MavenProject: Hibernate2st:LearnHibernate2:0.0.1-SNAPSHOT @ C:\Users\faiza\Desktop\Hibernate\LearnHibernate2\pom.xml.
2023-12-29 22:35:15,505 [Worker-51: Creating maven-archetype-quickstart] INFO  o.e.m.j.i.AbstractJavaProjectConfigurator - Adding source folder /LearnHibernate2/src/main/java
2023-12-29 22:35:15,505 [Worker-51: Creating maven-archetype-quickstart] INFO  o.e.m.j.i.AbstractJavaProjectConfigurator - Adding resource folder /LearnHibernate2/src/main/resources
2023-12-29 22:35:15,524 [Worker-51: Creating maven-archetype-quickstart] INFO  o.e.m.j.i.AbstractJavaProjectConfigurator - Adding source folder /LearnHibernate2/src/test/java
2023-12-29 22:35:15,524 [Worker-51: Creating maven-archetype-quickstart] INFO  o.e.m.j.i.AbstractJavaProjectConfigurator - Adding resource folder /LearnHibernate2/src/test/resources
2023-12-29 22:35:15,885 [Worker-51: Creating maven-archetype-quickstart] INFO  o.e.m.c.i.p.ProjectConfigurationManager - Imported and configured 1 project(s) in 2 sec
2023-12-29 22:35:16,549 [Worker-50: Building] INFO  o.a.m.s.f.DefaultMavenResourcesFiltering - skip non existing resourceDirectory C:\Users\faiza\Desktop\Hibernate\LearnHibernate2\src\main\resources
2023-12-29 22:35:16,555 [Worker-50: Building] INFO  o.a.m.s.f.DefaultMavenResourcesFiltering - skip non existing resourceDirectory C:\Users\faiza\Desktop\Hibernate\LearnHibernate2\src\test\resources
2023-12-29 22:35:42,900 [Worker-51: Building] INFO  o.e.m.c.i.l.LifecycleMappingFactory - Using org.eclipse.m2e.jdt.JarLifecycleMapping lifecycle mapping for MavenProject: Hibernate1st:LearnHibernate:0.0.1-SNAPSHOT @ C:\Users\faiza\Desktop\Hibernate\LearnHibernate2\pom.xml.
2023-12-29 22:35:43,411 [Worker-51: Building] INFO  o.a.m.s.f.DefaultMavenResourcesFiltering - skip non existing resourceDirectory C:\Users\faiza\Desktop\Hibernate\LearnHibernate2\src\main\resources
2023-12-29 22:35:43,418 [Worker-51: Building] INFO  o.a.m.s.f.DefaultMavenResourcesFiltering - skip non existing resourceDirectory C:\Users\faiza\Desktop\Hibernate\LearnHibernate2\src\test\resources
2023-12-29 22:36:45,739 [Worker-54: Building] INFO  o.a.m.s.f.DefaultMavenResourcesFiltering - skip non existing resourceDirectory C:\Users\faiza\Desktop\Hibernate\LearnHibernate2\src\main\resources
2023-12-29 22:36:45,744 [Worker-54: Building] INFO  o.a.m.s.f.DefaultMavenResourcesFiltering - skip non existing resourceDirectory C:\Users\faiza\Desktop\Hibernate\LearnHibernate2\src\test\resources
2023-12-29 22:36:46,891 [Worker-52: Building] INFO  o.a.m.s.f.DefaultMavenResourcesFiltering - skip non existing resourceDirectory C:\Users\faiza\Desktop\Hibernate\LearnHibernate2\src\main\resources
2023-12-29 22:36:46,899 [Worker-52: Building] INFO  o.a.m.s.f.DefaultMavenResourcesFiltering - skip non existing resourceDirectory C:\Users\faiza\Desktop\Hibernate\LearnHibernate2\src\test\resources
2023-12-29 22:39:10,968 [Worker-55: Building] INFO  o.a.m.s.f.DefaultMavenResourcesFiltering - skip non existing resourceDirectory C:\Users\faiza\Desktop\Hibernate\LearnHibernate2\src\main\resources
2023-12-29 22:39:10,978 [Worker-55: Building] INFO  o.a.m.s.f.DefaultMavenResourcesFiltering - skip non existing resourceDirectory C:\Users\faiza\Desktop\Hibernate\LearnHibernate2\src\test\resources
2023-12-29 22:39:48,350 [Worker-56: Building] INFO  o.a.m.s.f.DefaultMavenResourcesFiltering - skip non existing resourceDirectory C:\Users\faiza\Desktop\Hibernate\LearnHibernate2\src\main\resources
2023-12-29 22:39:48,359 [Worker-56: Building] INFO  o.a.m.s.f.DefaultMavenResourcesFiltering - skip non existing resourceDirectory C:\Users\faiza\Desktop\Hibernate\LearnHibernate2\src\test\resources
2023-12-29 22:41:25,713 [Worker-54: Building] INFO  o.a.m.s.f.DefaultMavenResourcesFiltering - skip non existing resourceDirectory C:\Users\faiza\Desktop\Hibernate\LearnHibernate2\src\main\resources
2023-12-29 22:41:25,720 [Worker-54: Building] INFO  o.a.m.s.f.DefaultMavenResourcesFiltering - skip non existing resourceDirectory C:\Users\faiza\Desktop\Hibernate\LearnHibernate2\src\test\resources
2023-12-29 22:41:40,624 [Worker-56: Building] INFO  o.a.m.s.f.DefaultMavenResourcesFiltering - skip non existing resourceDirectory C:\Users\faiza\Desktop\Hibernate\LearnHibernate2\src\main\resources
2023-12-29 22:41:40,631 [Worker-56: Building] INFO  o.a.m.s.f.DefaultMavenResourcesFiltering - skip non existing resourceDirectory C:\Users\faiza\Desktop\Hibernate\LearnHibernate2\src\test\resources
2023-12-29 22:43:40,483 [Worker-54: Building] INFO  o.a.m.s.f.DefaultMavenResourcesFiltering - skip non existing resourceDirectory C:\Users\faiza\Desktop\Hibernate\LearnHibernate2\src\main\resources
2023-12-29 22:43:40,489 [Worker-54: Building] INFO  o.a.m.s.f.DefaultMavenResourcesFiltering - skip non existing resourceDirectory C:\Users\faiza\Desktop\Hibernate\LearnHibernate2\src\test\resources
2023-12-29 22:44:33,146 [Worker-55: Building] INFO  o.a.m.s.f.DefaultMavenResourcesFiltering - skip non existing resourceDirectory C:\Users\faiza\Desktop\Hibernate\LearnHibernate2\src\main\resources
2023-12-29 22:44:33,152 [Worker-55: Building] INFO  o.a.m.s.f.DefaultMavenResourcesFiltering - skip non existing resourceDirectory C:\Users\faiza\Desktop\Hibernate\LearnHibernate2\src\test\resources
2023-12-29 22:49:42,376 [Worker-58: Building] INFO  o.a.m.s.f.DefaultMavenResourcesFiltering - skip non existing resourceDirectory C:\Users\faiza\Desktop\Hibernate\LearnHibernate2\src\main\resources
2023-12-29 22:49:42,384 [Worker-58: Building] INFO  o.a.m.s.f.DefaultMavenResourcesFiltering - skip non existing resourceDirectory C:\Users\faiza\Desktop\Hibernate\LearnHibernate2\src\test\resources
2023-12-29 22:53:21,448 [Worker-59: Building] INFO  o.a.m.s.f.DefaultMavenResourcesFiltering - skip non existing resourceDirectory C:\Users\faiza\Desktop\Hibernate\LearnHibernate2\src\main\resources
2023-12-29 22:53:21,454 [Worker-59: Building] INFO  o.a.m.s.f.DefaultMavenResourcesFiltering - skip non existing resourceDirectory C:\Users\faiza\Desktop\Hibernate\LearnHibernate2\src\test\resources
2023-12-29 22:54:48,835 [Worker-53: Building] INFO  o.a.m.s.f.DefaultMavenResourcesFiltering - skip non existing resourceDirectory C:\Users\faiza\Desktop\Hibernate\LearnHibernate2\src\main\resources
2023-12-29 22:54:48,842 [Worker-53: Building] INFO  o.a.m.s.f.DefaultMavenResourcesFiltering - skip non existing resourceDirectory C:\Users\faiza\Desktop\Hibernate\LearnHibernate2\src\test\resources
2023-12-29 22:55:36,887 [Worker-58: Building] INFO  o.a.m.s.f.DefaultMavenResourcesFiltering - skip non existing resourceDirectory C:\Users\faiza\Desktop\Hibernate\LearnHibernate2\src\main\resources
2023-12-29 22:55:36,897 [Worker-58: Building] INFO  o.a.m.s.f.DefaultMavenResourcesFiltering - skip non existing resourceDirectory C:\Users\faiza\Desktop\Hibernate\LearnHibernate2\src\test\resources
2023-12-29 23:59:03,194 [Worker-75: Building] INFO  o.a.m.s.f.DefaultMavenResourcesFiltering - skip non existing resourceDirectory C:\Users\faiza\Desktop\Hibernate\LearnHibernate2\src\main\resources
2023-12-29 23:59:03,222 [Worker-75: Building] INFO  o.a.m.s.f.DefaultMavenResourcesFiltering - skip non existing resourceDirectory C:\Users\faiza\Desktop\Hibernate\LearnHibernate2\src\test\resources
2023-12-29 23:59:12,899 [Worker-73: Building] INFO  o.a.m.s.f.DefaultMavenResourcesFiltering - skip non existing resourceDirectory C:\Users\faiza\Desktop\Hibernate\LearnHibernate2\src\main\resources
2023-12-29 23:59:12,909 [Worker-73: Building] INFO  o.a.m.s.f.DefaultMavenResourcesFiltering - skip non existing resourceDirectory C:\Users\faiza\Desktop\Hibernate\LearnHibernate2\src\test\resources
2023-12-30 00:00:10,687 [Worker-69: Building] INFO  o.a.m.s.f.DefaultMavenResourcesFiltering - skip non existing resourceDirectory C:\Users\faiza\Desktop\Hibernate\LearnHibernate2\src\main\resources
2023-12-30 00:00:10,696 [Worker-69: Building] INFO  o.a.m.s.f.DefaultMavenResourcesFiltering - skip non existing resourceDirectory C:\Users\faiza\Desktop\Hibernate\LearnHibernate2\src\test\resources
